2019-04-09 12:09:38
2019-04-09 12:10:17
2019-04-10 02:17:20
2019-04-10 02:30:11
2019-04-10 02:44:14<xml><ToUserName><![CDATA[gh_fee5ffe2fe4d]]></ToUserName>
<FromUserName><![CDATA[oCeEX1sDfbqkaguYkL1D2Qj4qz30]]></FromUserName>
<CreateTime>1554864254</CreateTime>
<MsgType><![CDATA[event]]></MsgType>
<Event><![CDATA[unsubscribe]]></Event>
<EventKey><![CDATA[]]></EventKey>
</xml>
2019-04-10 02:44:32<xml><ToUserName><![CDATA[gh_fee5ffe2fe4d]]></ToUserName>
<FromUserName><![CDATA[oCeEX1sDfbqkaguYkL1D2Qj4qz30]]></FromUserName>
<CreateTime>1554864272</CreateTime>
<MsgType><![CDATA[event]]></MsgType>
<Event><![CDATA[subscribe]]></Event>
<EventKey><![CDATA[]]></EventKey>
</xml>
2019-04-10 03:43:48<xml><ToUserName><![CDATA[gh_fee5ffe2fe4d]]></ToUserName>
<FromUserName><![CDATA[oCeEX1sDfbqkaguYkL1D2Qj4qz30]]></FromUserName>
<CreateTime>1554867828</CreateTime>
<MsgType><![CDATA[event]]></MsgType>
<Event><![CDATA[subscribe]]></Event>
<EventKey><![CDATA[]]></EventKey>
</xml>
2019-04-10 03:45:27<xml><ToUserName><![CDATA[gh_fee5ffe2fe4d]]></ToUserName>
<FromUserName><![CDATA[oCeEX1sDfbqkaguYkL1D2Qj4qz30]]></FromUserName>
<CreateTime>1554867828</CreateTime>
<MsgType><![CDATA[event]]></MsgType>
<Event><![CDATA[subscribe]]></Event>
<EventKey><![CDATA[]]></EventKey>
</xml>

2019-04-10 03:46:26<xml><ToUserName><![CDATA[gh_fee5ffe2fe4d]]></ToUserName>
<FromUserName><![CDATA[oCeEX1sDfbqkaguYkL1D2Qj4qz30]]></FromUserName>
<CreateTime>1554867828</CreateTime>
<MsgType><![CDATA[event]]></MsgType>
<Event><![CDATA[subscribe]]></Event>
<EventKey><![CDATA[]]></EventKey>
</xml>

2019-04-10 03:47:12<xml><ToUserName><![CDATA[gh_fee5ffe2fe4d]]></ToUserName>
<FromUserName><![CDATA[oCeEX1sDfbqkaguYkL1D2Qj4qz30]]></FromUserName>
<CreateTime>1554867828</CreateTime>
<MsgType><![CDATA[event]]></MsgType>
<Event><![CDATA[subscribe]]></Event>
<EventKey><![CDATA[]]></EventKey>
</xml>

2019-04-10 03:47:43<xml><ToUserName><![CDATA[gh_fee5ffe2fe4d]]></ToUserName>
<FromUserName><![CDATA[oCeEX1sDfbqkaguYkL1D2Qj4qz30]]></FromUserName>
<CreateTime>1554868063</CreateTime>
<MsgType><![CDATA[event]]></MsgType>
<Event><![CDATA[subscribe]]></Event>
<EventKey><![CDATA[]]></EventKey>
</xml>
2019-04-10 03:48:33
<xml><ToUserName><![CDATA[gh_fee5ffe2fe4d]]></ToUserName>
<FromUserName><![CDATA[oCeEX1sDfbqkaguYkL1D2Qj4qz30]]></FromUserName>
<CreateTime>1554868063</CreateTime>
<MsgType><![CDATA[event]]></MsgType>
<Event><![CDATA[subscribe]]></Event>
<EventKey><![CDATA[]]></EventKey>
</xml>

2019-04-10 03:50:05<xml><ToUserName><![CDATA[gh_fee5ffe2fe4d]]></ToUserName>
<FromUserName><![CDATA[oCeEX1sDfbqkaguYkL1D2Qj4qz30]]></FromUserName>
<CreateTime>1554868063</CreateTime>
<MsgType><![CDATA[event]]></MsgType>
<Event><![CDATA[subscribe]]></Event>
<EventKey><![CDATA[]]></EventKey>
</xml>

2019-04-10 03:53:32<xml><ToUserName><![CDATA[gh_fee5ffe2fe4d]]></ToUserName>
<FromUserName><![CDATA[oCeEX1sDfbqkaguYkL1D2Qj4qz30]]></FromUserName>
<CreateTime>1554868412</CreateTime>
<MsgType><![CDATA[event]]></MsgType>
<Event><![CDATA[subscribe]]></Event>
<EventKey><![CDATA[]]></EventKey>
</xml>
2019-04-10 03:53:44<xml><ToUserName><![CDATA[gh_fee5ffe2fe4d]]></ToUserName>
<FromUserName><![CDATA[oCeEX1sDfbqkaguYkL1D2Qj4qz30]]></FromUserName>
<CreateTime>1554868412</CreateTime>
<MsgType><![CDATA[event]]></MsgType>
<Event><![CDATA[subscribe]]></Event>
<EventKey><![CDATA[]]></EventKey>
</xml>


2019-04-10 03:54:11<xml><ToUserName><![CDATA[gh_fee5ffe2fe4d]]></ToUserName>
<FromUserName><![CDATA[oCeEX1sDfbqkaguYkL1D2Qj4qz30]]></FromUserName>
<CreateTime>1554868412</CreateTime>
<MsgType><![CDATA[event]]></MsgType>
<Event><![CDATA[subscribe]]></Event>
<EventKey><![CDATA[]]></EventKey>
</xml>


2019-04-10 03:54:38<xml><ToUserName><![CDATA[gh_de1c8ade602d]]></ToUserName>
		<FromUserName><![CDATA[oLreB1jAnJFzV_8AGWUZlfuaoQto]]></FromUserName>
		<CreateTime>1554864748</CreateTime>
		<MsgType><![CDATA[event]]></MsgType>
		<Event><![CDATA[subscribe]]></Event>
		<EventKey><![CDATA[]]></EventKey>
		</xml>


2019-04-10 03:54:44<xml><ToUserName><![CDATA[gh_de1c8ade602d]]></ToUserName>
		<FromUserName><![CDATA[oLreB1jAnJFzV_8AGWUZlfuaoQto]]></FromUserName>
		<CreateTime>1554864748</CreateTime>
		<MsgType><![CDATA[event]]></MsgType>
		<Event><![CDATA[subscribe]]></Event>
		<EventKey><![CDATA[]]></EventKey>
		</xml>


2019-04-10 03:55:33<xml><ToUserName><![CDATA[gh_fee5ffe2fe4d]]></ToUserName>
<FromUserName><![CDATA[oCeEX1sDfbqkaguYkL1D2Qj4qz30]]></FromUserName>
<CreateTime>1554868533</CreateTime>
<MsgType><![CDATA[event]]></MsgType>
<Event><![CDATA[subscribe]]></Event>
<EventKey><![CDATA[]]></EventKey>
</xml>
2019-04-10 03:56:15<xml><ToUserName><![CDATA[gh_fee5ffe2fe4d]]></ToUserName>
<FromUserName><![CDATA[oCeEX1sDfbqkaguYkL1D2Qj4qz30]]></FromUserName>
<CreateTime>1554868533</CreateTime>
<MsgType><![CDATA[event]]></MsgType>
<Event><![CDATA[subscribe]]></Event>
<EventKey><![CDATA[]]></EventKey>
</xml>





2019-04-10 04:01:40<xml><ToUserName><![CDATA[gh_fee5ffe2fe4d]]></ToUserName>
<FromUserName><![CDATA[oCeEX1sDfbqkaguYkL1D2Qj4qz30]]></FromUserName>
<CreateTime>1554868533</CreateTime>
<MsgType><![CDATA[event]]></MsgType>
<Event><![CDATA[subscribe]]></Event>
<EventKey><![CDATA[]]></EventKey>
</xml>





2019-04-10 04:03:08<xml><ToUserName><![CDATA[gh_fee5ffe2fe4d]]></ToUserName>
<FromUserName><![CDATA[oCeEX1sDfbqkaguYkL1D2Qj4qz30]]></FromUserName>
<CreateTime>1554868533</CreateTime>
<MsgType><![CDATA[event]]></MsgType>
<Event><![CDATA[subscribe]]></Event>
<EventKey><![CDATA[]]></EventKey>
</xml>





2019-04-10 05:38:13<xml><ToUserName><![CDATA[gh_fee5ffe2fe4d]]></ToUserName>
<FromUserName><![CDATA[oCeEX1sDfbqkaguYkL1D2Qj4qz30]]></FromUserName>
<CreateTime>1554868533</CreateTime>
<MsgType><![CDATA[event]]></MsgType>
<Event><![CDATA[subscribe]]></Event>
<EventKey><![CDATA[]]></EventKey>
</xml>





2019-04-10 05:53:05<xml><ToUserName><![CDATA[gh_fee5ffe2fe4d]]></ToUserName>
<FromUserName><![CDATA[oCeEX1sDfbqkaguYkL1D2Qj4qz30]]></FromUserName>
<CreateTime>1554868533</CreateTime>
<MsgType><![CDATA[event]]></MsgType>
<Event><![CDATA[subscribe]]></Event>
<EventKey><![CDATA[]]></EventKey>
</xml>





2019-04-10 06:54:27<xml><ToUserName><![CDATA[gh_fee5ffe2fe4d]]></ToUserName>
<FromUserName><![CDATA[oCeEX1sDfbqkaguYkL1D2Qj4qz30]]></FromUserName>
<CreateTime>1554868533</CreateTime>
<MsgType><![CDATA[event]]></MsgType>
<Event><![CDATA[subscribe]]></Event>
<EventKey><![CDATA[]]></EventKey>
</xml>





2019-04-10 07:07:25<xml><ToUserName><![CDATA[gh_fee5ffe2fe4d]]></ToUserName>
<FromUserName><![CDATA[oCeEX1p4LyuDYV16wOIKTyICKyW4]]></FromUserName>
<CreateTime>1554880045</CreateTime>
<MsgType><![CDATA[event]]></MsgType>
<Event><![CDATA[subscribe]]></Event>
<EventKey><![CDATA[]]></EventKey>
</xml>
2019-04-10 07:07:35<xml><ToUserName><![CDATA[gh_fee5ffe2fe4d]]></ToUserName>
<FromUserName><![CDATA[oCeEX1p4LyuDYV16wOIKTyICKyW4]]></FromUserName>
<CreateTime>1554880054</CreateTime>
<MsgType><![CDATA[text]]></MsgType>
<Content><![CDATA[ã€æ”¶åˆ°ä¸æ”¯æŒçš„æ¶ˆæ¯ç±»åž‹ï¼Œæš‚æ— æ³•æ˜¾ç¤ºã€‘]]></Content>
<MsgId>22260528827506299</MsgId>
</xml>
2019-04-10 07:07:35<xml><ToUserName><![CDATA[gh_fee5ffe2fe4d]]></ToUserName>
<FromUserName><![CDATA[oCeEX1p4LyuDYV16wOIKTyICKyW4]]></FromUserName>
<CreateTime>1554880055</CreateTime>
<MsgType><![CDATA[text]]></MsgType>
<Content><![CDATA[ã€æ”¶åˆ°ä¸æ”¯æŒçš„æ¶ˆæ¯ç±»åž‹ï¼Œæš‚æ— æ³•æ˜¾ç¤ºã€‘]]></Content>
<MsgId>22260530061197899</MsgId>
</xml>
2019-04-10 07:07:35<xml><ToUserName><![CDATA[gh_fee5ffe2fe4d]]></ToUserName>
<FromUserName><![CDATA[oCeEX1p4LyuDYV16wOIKTyICKyW4]]></FromUserName>
<CreateTime>1554880055</CreateTime>
<MsgType><![CDATA[text]]></MsgType>
<Content><![CDATA[ã€æ”¶åˆ°ä¸æ”¯æŒçš„æ¶ˆæ¯ç±»åž‹ï¼Œæš‚æ— æ³•æ˜¾ç¤ºã€‘]]></Content>
<MsgId>22260528719919970</MsgId>
</xml>
2019-04-10 07:07:49<xml><ToUserName><![CDATA[gh_fee5ffe2fe4d]]></ToUserName>
<FromUserName><![CDATA[oCeEX1p4LyuDYV16wOIKTyICKyW4]]></FromUserName>
<CreateTime>1554880068</CreateTime>
<MsgType><![CDATA[text]]></MsgType>
<Content><![CDATA[ðŸ˜‰ ðŸ˜‰ ðŸ˜‰ ]]></Content>
<MsgId>22260530678715631</MsgId>
</xml>
2019-04-10 07:09:53<xml><ToUserName><![CDATA[gh_fee5ffe2fe4d]]></ToUserName>
<FromUserName><![CDATA[oCeEX1p4LyuDYV16wOIKTyICKyW4]]></FromUserName>
<CreateTime>1554880193</CreateTime>
<MsgType><![CDATA[text]]></MsgType>
<Content><![CDATA[ã€æ”¶åˆ°ä¸æ”¯æŒçš„æ¶ˆæ¯ç±»åž‹ï¼Œæš‚æ— æ³•æ˜¾ç¤ºã€‘]]></Content>
<MsgId>22260528035512126</MsgId>
</xml>
2019-04-10 07:16:20<xml><ToUserName><![CDATA[gh_fee5ffe2fe4d]]></ToUserName>
<FromUserName><![CDATA[oCeEX1p4LyuDYV16wOIKTyICKyW4]]></FromUserName>
<CreateTime>1554880579</CreateTime>
<MsgType><![CDATA[text]]></MsgType>
<Content><![CDATA[ã€æ”¶åˆ°ä¸æ”¯æŒçš„æ¶ˆæ¯ç±»åž‹ï¼Œæš‚æ— æ³•æ˜¾ç¤ºã€‘]]></Content>
<MsgId>22260537165716567</MsgId>
</xml>
2019-04-10 07:16:26<xml><ToUserName><![CDATA[gh_fee5ffe2fe4d]]></ToUserName>
<FromUserName><![CDATA[oCeEX1p4LyuDYV16wOIKTyICKyW4]]></FromUserName>
<CreateTime>1554880585</CreateTime>
<MsgType><![CDATA[text]]></MsgType>
<Content><![CDATA[ã€æ”¶åˆ°ä¸æ”¯æŒçš„æ¶ˆæ¯ç±»åž‹ï¼Œæš‚æ— æ³•æ˜¾ç¤ºã€‘]]></Content>
<MsgId>22260537650503657</MsgId>
</xml>
2019-04-10 08:39:04<xml><ToUserName><![CDATA[gh_fee5ffe2fe4d]]></ToUserName>
<FromUserName><![CDATA[oCeEX1sDfbqkaguYkL1D2Qj4qz30]]></FromUserName>
<CreateTime>1554868533</CreateTime>
<MsgType><![CDATA[event]]></MsgType>
<Event><![CDATA[subscribe]]></Event>
<EventKey><![CDATA[]]></EventKey>
</xml>





2019-04-10 08:39:37<xml><ToUserName><![CDATA[gh_fee5ffe2fe4d]]></ToUserName>
<FromUserName><![CDATA[oCeEX1sDfbqkaguYkL1D2Qj4qz30]]></FromUserName>
<CreateTime>1554885576</CreateTime>
<MsgType><![CDATA[event]]></MsgType>
<Event><![CDATA[subscribe]]></Event>
<EventKey><![CDATA[]]></EventKey>
</xml>
2019-04-10 08:39:46<xml><ToUserName><![CDATA[gh_fee5ffe2fe4d]]></ToUserName>
<FromUserName><![CDATA[oCeEX1sDfbqkaguYkL1D2Qj4qz30]]></FromUserName>
<CreateTime>1554868533</CreateTime>
<MsgType><![CDATA[event]]></MsgType>
<Event><![CDATA[subscribe]]></Event>
<EventKey><![CDATA[]]></EventKey>
</xml>





2019-04-10 08:40:00<xml><ToUserName><![CDATA[gh_fee5ffe2fe4d]]></ToUserName>
<FromUserName><![CDATA[oCeEX1sDfbqkaguYkL1D2Qj4qz30]]></FromUserName>
<CreateTime>1554868533</CreateTime>
<MsgType><![CDATA[event]]></MsgType>
<Event><![CDATA[subscribe]]></Event>
<EventKey><![CDATA[]]></EventKey>
</xml>





2019-04-10 08:40:27<xml><ToUserName><![CDATA[gh_fee5ffe2fe4d]]></ToUserName>
<FromUserName><![CDATA[oCeEX1sDfbqkaguYkL1D2Qj4qz30]]></FromUserName>
<CreateTime>1554885626</CreateTime>
<MsgType><![CDATA[event]]></MsgType>
<Event><![CDATA[unsubscribe]]></Event>
<EventKey><![CDATA[]]></EventKey>
</xml>
2019-04-10 08:43:46<xml><ToUserName><![CDATA[gh_fee5ffe2fe4d]]></ToUserName>
<FromUserName><![CDATA[oCeEX1sDfbqkaguYkL1D2Qj4qz30]]></FromUserName>
<CreateTime>1554868533</CreateTime>
<MsgType><![CDATA[event]]></MsgType>
<Event><![CDATA[subscribe]]></Event>
<EventKey><![CDATA[]]></EventKey>
</xml>





2019-04-10 08:48:36<xml><ToUserName><![CDATA[gh_fee5ffe2fe4d]]></ToUserName>
<FromUserName><![CDATA[oCeEX1sDfbqkaguYkL1D2Qj4qz30]]></FromUserName>
<CreateTime>1554886116</CreateTime>
<MsgType><![CDATA[event]]></MsgType>
<Event><![CDATA[subscribe]]></Event>
<EventKey><![CDATA[]]></EventKey>
</xml>
2019-04-10 08:49:23<xml><ToUserName><![CDATA[gh_fee5ffe2fe4d]]></ToUserName>
<FromUserName><![CDATA[oCeEX1sDfbqkaguYkL1D2Qj4qz30]]></FromUserName>
<CreateTime>1554868533</CreateTime>
<MsgType><![CDATA[event]]></MsgType>
<Event><![CDATA[subscribe]]></Event>
<EventKey><![CDATA[]]></EventKey>
</xml>





2019-04-10 08:52:54<xml><ToUserName><![CDATA[gh_fee5ffe2fe4d]]></ToUserName>
<FromUserName><![CDATA[oCeEX1p4LyuDYV16wOIKTyICKyW4]]></FromUserName>
<CreateTime>1554886374</CreateTime>
<MsgType><![CDATA[event]]></MsgType>
<Event><![CDATA[subscribe]]></Event>
<EventKey><![CDATA[]]></EventKey>
</xml>
2019-04-10 08:53:02<xml><ToUserName><![CDATA[gh_fee5ffe2fe4d]]></ToUserName>
<FromUserName><![CDATA[oCeEX1p4LyuDYV16wOIKTyICKyW4]]></FromUserName>
<CreateTime>1554886382</CreateTime>
<MsgType><![CDATA[text]]></MsgType>
<Content><![CDATA[e]]></Content>
<MsgId>22260622216416521</MsgId>
</xml>
2019-04-10 08:55:30<xml><ToUserName><![CDATA[gh_fee5ffe2fe4d]]></ToUserName>
<FromUserName><![CDATA[oCeEX1sDfbqkaguYkL1D2Qj4qz30]]></FromUserName>
<CreateTime>1554868533</CreateTime>
<MsgType><![CDATA[event]]></MsgType>
<Event><![CDATA[subscribe]]></Event>
<EventKey><![CDATA[]]></EventKey>
</xml>





2019-04-10 08:58:04<xml><ToUserName><![CDATA[gh_fee5ffe2fe4d]]></ToUserName>
<FromUserName><![CDATA[oCeEX1sDfbqkaguYkL1D2Qj4qz30]]></FromUserName>
<CreateTime>1554868533</CreateTime>
<MsgType><![CDATA[event]]></MsgType>
<Event><![CDATA[subscribe]]></Event>
<EventKey><![CDATA[]]></EventKey>
</xml>





2019-04-10 08:58:44<xml><ToUserName><![CDATA[gh_fee5ffe2fe4d]]></ToUserName>
<FromUserName><![CDATA[oCeEX1sDfbqkaguYkL1D2Qj4qz30]]></FromUserName>
<CreateTime>1554868533</CreateTime>
<MsgType><![CDATA[event]]></MsgType>
<Event><![CDATA[subscribe]]></Event>
<EventKey><![CDATA[]]></EventKey>
</xml>





2019-04-10 08:58:49<xml><ToUserName><![CDATA[gh_fee5ffe2fe4d]]></ToUserName>
<FromUserName><![CDATA[oCeEX1sDfbqkaguYkL1D2Qj4qz30]]></FromUserName>
<CreateTime>1554886729</CreateTime>
<MsgType><![CDATA[event]]></MsgType>
<Event><![CDATA[unsubscribe]]></Event>
<EventKey><![CDATA[]]></EventKey>
</xml>
2019-04-10 08:59:04<xml><ToUserName><![CDATA[gh_fee5ffe2fe4d]]></ToUserName>
<FromUserName><![CDATA[oCeEX1sDfbqkaguYkL1D2Qj4qz30]]></FromUserName>
<CreateTime>1554886743</CreateTime>
<MsgType><![CDATA[event]]></MsgType>
<Event><![CDATA[subscribe]]></Event>
<EventKey><![CDATA[]]></EventKey>
</xml>
2019-04-10 08:59:12<xml><ToUserName><![CDATA[gh_fee5ffe2fe4d]]></ToUserName>
<FromUserName><![CDATA[oCeEX1sDfbqkaguYkL1D2Qj4qz30]]></FromUserName>
<CreateTime>1554868533</CreateTime>
<MsgType><![CDATA[event]]></MsgType>
<Event><![CDATA[subscribe]]></Event>
<EventKey><![CDATA[]]></EventKey>
</xml>





2019-04-10 08:59:15<xml><ToUserName><![CDATA[gh_fee5ffe2fe4d]]></ToUserName>
<FromUserName><![CDATA[oCeEX1sDfbqkaguYkL1D2Qj4qz30]]></FromUserName>
<CreateTime>1554868533</CreateTime>
<MsgType><![CDATA[event]]></MsgType>
<Event><![CDATA[subscribe]]></Event>
<EventKey><![CDATA[]]></EventKey>
</xml>





2019-04-10 08:59:17<xml><ToUserName><![CDATA[gh_fee5ffe2fe4d]]></ToUserName>
<FromUserName><![CDATA[oCeEX1sDfbqkaguYkL1D2Qj4qz30]]></FromUserName>
<CreateTime>1554868533</CreateTime>
<MsgType><![CDATA[event]]></MsgType>
<Event><![CDATA[subscribe]]></Event>
<EventKey><![CDATA[]]></EventKey>
</xml>





2019-04-10 08:59:30<xml><ToUserName><![CDATA[gh_fee5ffe2fe4d]]></ToUserName>
<FromUserName><![CDATA[oCeEX1sDfbqkaguYkL1D2Qj4qz30]]></FromUserName>
<CreateTime>1554868533</CreateTime>
<MsgType><![CDATA[event]]></MsgType>
<Event><![CDATA[subscribe]]></Event>
<EventKey><![CDATA[]]></EventKey>
</xml>





2019-04-10 09:01:44<xml><ToUserName><![CDATA[gh_fee5ffe2fe4d]]></ToUserName>
<FromUserName><![CDATA[oCeEX1p4LyuDYV16wOIKTyICKyW4]]></FromUserName>
<CreateTime>1554886904</CreateTime>
<MsgType><![CDATA[event]]></MsgType>
<Event><![CDATA[unsubscribe]]></Event>
<EventKey><![CDATA[]]></EventKey>
</xml>
2019-04-10 09:06:57<xml><ToUserName><![CDATA[gh_fee5ffe2fe4d]]></ToUserName>
<FromUserName><![CDATA[oCeEX1sDfbqkaguYkL1D2Qj4qz30]]></FromUserName>
<CreateTime>1554868533</CreateTime>
<MsgType><![CDATA[event]]></MsgType>
<Event><![CDATA[subscribe]]></Event>
<EventKey><![CDATA[]]></EventKey>
</xml>





2019-04-10 09:08:37<xml><ToUserName><![CDATA[gh_fee5ffe2fe4d]]></ToUserName>
<FromUserName><![CDATA[oCeEX1sDfbqkaguYkL1D2Qj4qz30]]></FromUserName>
<CreateTime>1554887317</CreateTime>
<MsgType><![CDATA[event]]></MsgType>
<Event><![CDATA[unsubscribe]]></Event>
<EventKey><![CDATA[]]></EventKey>
</xml>
2019-04-10 09:08:45<xml><ToUserName><![CDATA[gh_fee5ffe2fe4d]]></ToUserName>
<FromUserName><![CDATA[oCeEX1sDfbqkaguYkL1D2Qj4qz30]]></FromUserName>
<CreateTime>1554887325</CreateTime>
<MsgType><![CDATA[event]]></MsgType>
<Event><![CDATA[subscribe]]></Event>
<EventKey><![CDATA[]]></EventKey>
</xml>
2019-04-10 10:54:18<xml><ToUserName><![CDATA[gh_fee5ffe2fe4d]]></ToUserName>
<FromUserName><![CDATA[oCeEX1sDfbqkaguYkL1D2Qj4qz30]]></FromUserName>
<CreateTime>1554868533</CreateTime>
<MsgType><![CDATA[event]]></MsgType>
<Event><![CDATA[subscribe]]></Event>
<EventKey><![CDATA[]]></EventKey>
</xml>





2019-04-10 11:13:40<xml><ToUserName><![CDATA[gh_fee5ffe2fe4d]]></ToUserName>
<FromUserName><![CDATA[oCeEX1sDfbqkaguYkL1D2Qj4qz30]]></FromUserName>
<CreateTime>1554894820</CreateTime>
<MsgType><![CDATA[event]]></MsgType>
<Event><![CDATA[unsubscribe]]></Event>
<EventKey><![CDATA[]]></EventKey>
</xml>
2019-04-10 11:14:00<xml><ToUserName><![CDATA[gh_fee5ffe2fe4d]]></ToUserName>
<FromUserName><![CDATA[oCeEX1sDfbqkaguYkL1D2Qj4qz30]]></FromUserName>
<CreateTime>1554894839</CreateTime>
<MsgType><![CDATA[event]]></MsgType>
<Event><![CDATA[subscribe]]></Event>
<EventKey><![CDATA[]]></EventKey>
</xml>
2019-04-10 11:16:07<xml><ToUserName><![CDATA[gh_fee5ffe2fe4d]]></ToUserName>
<FromUserName><![CDATA[oCeEX1sDfbqkaguYkL1D2Qj4qz30]]></FromUserName>
<CreateTime>1554868533</CreateTime>
<MsgType><![CDATA[event]]></MsgType>
<Event><![CDATA[subscribe]]></Event>
<EventKey><![CDATA[]]></EventKey>
</xml>





2019-04-10 11:16:40<xml><ToUserName><![CDATA[gh_fee5ffe2fe4d]]></ToUserName>
<FromUserName><![CDATA[oCeEX1sDfbqkaguYkL1D2Qj4qz30]]></FromUserName>
<CreateTime>1554868533</CreateTime>
<MsgType><![CDATA[event]]></MsgType>
<Event><![CDATA[subscribe]]></Event>
<EventKey><![CDATA[]]></EventKey>
</xml>





2019-04-10 11:16:57<xml><ToUserName><![CDATA[gh_fee5ffe2fe4d]]></ToUserName>
<FromUserName><![CDATA[oCeEX1sDfbqkaguYkL1D2Qj4qz30]]></FromUserName>
<CreateTime>1554895017</CreateTime>
<MsgType><![CDATA[event]]></MsgType>
<Event><![CDATA[unsubscribe]]></Event>
<EventKey><![CDATA[]]></EventKey>
</xml>
2019-04-10 11:17:05<xml><ToUserName><![CDATA[gh_fee5ffe2fe4d]]></ToUserName>
<FromUserName><![CDATA[oCeEX1sDfbqkaguYkL1D2Qj4qz30]]></FromUserName>
<CreateTime>1554895025</CreateTime>
<MsgType><![CDATA[event]]></MsgType>
<Event><![CDATA[subscribe]]></Event>
<EventKey><![CDATA[]]></EventKey>
</xml>
2019-04-10 11:22:51<xml><ToUserName><![CDATA[gh_fee5ffe2fe4d]]></ToUserName>
<FromUserName><![CDATA[oCeEX1sDfbqkaguYkL1D2Qj4qz30]]></FromUserName>
<CreateTime>1554895371</CreateTime>
<MsgType><![CDATA[event]]></MsgType>
<Event><![CDATA[unsubscribe]]></Event>
<EventKey><![CDATA[]]></EventKey>
</xml>
2019-04-10 11:23:09<xml><ToUserName><![CDATA[gh_fee5ffe2fe4d]]></ToUserName>
<FromUserName><![CDATA[oCeEX1sDfbqkaguYkL1D2Qj4qz30]]></FromUserName>
<CreateTime>1554895389</CreateTime>
<MsgType><![CDATA[event]]></MsgType>
<Event><![CDATA[subscribe]]></Event>
<EventKey><![CDATA[]]></EventKey>
</xml>
2019-04-10 11:23:53<xml><ToUserName><![CDATA[gh_fee5ffe2fe4d]]></ToUserName>
<FromUserName><![CDATA[oCeEX1sDfbqkaguYkL1D2Qj4qz30]]></FromUserName>
<CreateTime>1554895433</CreateTime>
<MsgType><![CDATA[event]]></MsgType>
<Event><![CDATA[unsubscribe]]></Event>
<EventKey><![CDATA[]]></EventKey>
</xml>
2019-04-10 11:24:00<xml><ToUserName><![CDATA[gh_fee5ffe2fe4d]]></ToUserName>
<FromUserName><![CDATA[oCeEX1sDfbqkaguYkL1D2Qj4qz30]]></FromUserName>
<CreateTime>1554895440</CreateTime>
<MsgType><![CDATA[event]]></MsgType>
<Event><![CDATA[subscribe]]></Event>
<EventKey><![CDATA[]]></EventKey>
</xml>
2019-04-12 10:05:38
2019-04-12 10:06:52
2019-04-12 10:08:23<xml><ToUserName><![CDATA[gh_fee5ffe2fe4d]]></ToUserName>
<FromUserName><![CDATA[oCeEX1sDfbqkaguYkL1D2Qj4qz30]]></FromUserName>
<CreateTime>1555034480</CreateTime>
<MsgType><![CDATA[text]]></MsgType>
<Content><![CDATA[å“ˆå“ˆ]]></Content>
<MsgId>22262740038041734</MsgId>
</xml>

2019-04-12 10:08:52<xml><ToUserName><![CDATA[gh_fee5ffe2fe4d]]></ToUserName>
<FromUserName><![CDATA[oCeEX1sDfbqkaguYkL1D2Qj4qz30]]></FromUserName>
<CreateTime>1555034480</CreateTime>
<MsgType><![CDATA[text]]></MsgType>
<Content><![CDATA[å“ˆå“ˆ]]></Content>
<MsgId>22262740038041734</MsgId>
</xml>

2019-04-12 10:24:12<xml><ToUserName><![CDATA[gh_fee5ffe2fe4d]]></ToUserName>
<FromUserName><![CDATA[oCeEX1sDfbqkaguYkL1D2Qj4qz30]]></FromUserName>
<CreateTime>1555035837</CreateTime>
<MsgType><![CDATA[text]]></MsgType>
<Content><![CDATA[èŠ³èŠ³]]></Content>
<MsgId>22262761054368186</MsgId>
</xml>


2019-04-12 11:08:23<xml><ToUserName><![CDATA[gh_fee5ffe2fe4d]]></ToUserName>
<FromUserName><![CDATA[oCeEX1sDfbqkaguYkL1D2Qj4qz30]]></FromUserName>
<CreateTime>1555035837</CreateTime>
<MsgType><![CDATA[text]]></MsgType>
<Content><![CDATA[èŠ³èŠ³]]></Content>
<MsgId>22262761054368186</MsgId>
</xml>


2019-04-12 13:28:32<xml><ToUserName><![CDATA[gh_fee5ffe2fe4d]]></ToUserName>
<FromUserName><![CDATA[oCeEX1sDfbqkaguYkL1D2Qj4qz30]]></FromUserName>
<CreateTime>1555035837</CreateTime>
<MsgType><![CDATA[text]]></MsgType>
<Content><![CDATA[èŠ³èŠ³]]></Content>
<MsgId>22262761054368186</MsgId>
</xml>


2019-04-12 19:05:32<xml><ToUserName><![CDATA[gh_fee5ffe2fe4d]]></ToUserName>
<FromUserName><![CDATA[oCeEX1sDfbqkaguYkL1D2Qj4qz30]]></FromUserName>
<CreateTime>1555067061</CreateTime>
<MsgType><![CDATA[image]]></MsgType>
<PicUrl><![CDATA[http://mmbiz.qpic.cn/mmbiz_jpg/Tic23mibyRpSlzur39icSs1DbG828MXhqKqxZptf4wvZlq44ZIR5R6cM1BuAwSuzekCaVysiano56vyv4VEelLlicmg/0]]></PicUrl>
<MsgId>22263203800132559</MsgId>
<MediaId><![CDATA[iyT0blX4JQGqL2fB6tnhbsT2Gr8ZSI61bzspb1yeD2vPJcHU-TSiJUhz_vm9-LSA]]></MediaId>
</xml>

2019-04-12 19:24:16<xml><ToUserName><![CDATA[gh_fee5ffe2fe4d]]></ToUserName>
<FromUserName><![CDATA[oCeEX1sDfbqkaguYkL1D2Qj4qz30]]></FromUserName>
<CreateTime>1555067061</CreateTime>
<MsgType><![CDATA[image]]></MsgType>
<PicUrl><![CDATA[http://mmbiz.qpic.cn/mmbiz_jpg/Tic23mibyRpSlzur39icSs1DbG828MXhqKqxZptf4wvZlq44ZIR5R6cM1BuAwSuzekCaVysiano56vyv4VEelLlicmg/0]]></PicUrl>
<MsgId>22263203800132559</MsgId>
<MediaId><![CDATA[iyT0blX4JQGqL2fB6tnhbsT2Gr8ZSI61bzspb1yeD2vPJcHU-TSiJUhz_vm9-LSA]]></MediaId>
</xml>

2019-04-12 19:24:51<xml><ToUserName><![CDATA[gh_fee5ffe2fe4d]]></ToUserName>
<FromUserName><![CDATA[oCeEX1sDfbqkaguYkL1D2Qj4qz30]]></FromUserName>
<CreateTime>1555067061</CreateTime>
<MsgType><![CDATA[image]]></MsgType>
<PicUrl><![CDATA[http://mmbiz.qpic.cn/mmbiz_jpg/Tic23mibyRpSlzur39icSs1DbG828MXhqKqxZptf4wvZlq44ZIR5R6cM1BuAwSuzekCaVysiano56vyv4VEelLlicmg/0]]></PicUrl>
<MsgId>22263203800132559</MsgId>
<MediaId><![CDATA[iyT0blX4JQGqL2fB6tnhbsT2Gr8ZSI61bzspb1yeD2vPJcHU-TSiJUhz_vm9-LSA]]></MediaId>
</xml>

2019-04-12 19:25:04<xml><ToUserName><![CDATA[gh_fee5ffe2fe4d]]></ToUserName>
<FromUserName><![CDATA[oCeEX1sDfbqkaguYkL1D2Qj4qz30]]></FromUserName>
<CreateTime>1555067061</CreateTime>
<MsgType><![CDATA[image]]></MsgType>
<PicUrl><![CDATA[http://mmbiz.qpic.cn/mmbiz_jpg/Tic23mibyRpSlzur39icSs1DbG828MXhqKqxZptf4wvZlq44ZIR5R6cM1BuAwSuzekCaVysiano56vyv4VEelLlicmg/0]]></PicUrl>
<MsgId>22263203800132559</MsgId>
<MediaId><![CDATA[iyT0blX4JQGqL2fB6tnhbsT2Gr8ZSI61bzspb1yeD2vPJcHU-TSiJUhz_vm9-LSA]]></MediaId>
</xml>

2019-04-12 19:26:48<xml><ToUserName><![CDATA[gh_fee5ffe2fe4d]]></ToUserName>
<FromUserName><![CDATA[oCeEX1sDfbqkaguYkL1D2Qj4qz30]]></FromUserName>
<CreateTime>1555067061</CreateTime>
<MsgType><![CDATA[image]]></MsgType>
<PicUrl><![CDATA[http://mmbiz.qpic.cn/mmbiz_jpg/Tic23mibyRpSlzur39icSs1DbG828MXhqKqxZptf4wvZlq44ZIR5R6cM1BuAwSuzekCaVysiano56vyv4VEelLlicmg/0]]></PicUrl>
<MsgId>22263203800132559</MsgId>
<MediaId><![CDATA[iyT0blX4JQGqL2fB6tnhbsT2Gr8ZSI61bzspb1yeD2vPJcHU-TSiJUhz_vm9-LSA]]></MediaId>
</xml>

2019-04-12 19:27:56<xml><ToUserName><![CDATA[gh_fee5ffe2fe4d]]></ToUserName>
<FromUserName><![CDATA[oCeEX1sDfbqkaguYkL1D2Qj4qz30]]></FromUserName>
<CreateTime>1555067061</CreateTime>
<MsgType><![CDATA[image]]></MsgType>
<PicUrl><![CDATA[http://mmbiz.qpic.cn/mmbiz_jpg/Tic23mibyRpSlzur39icSs1DbG828MXhqKqxZptf4wvZlq44ZIR5R6cM1BuAwSuzekCaVysiano56vyv4VEelLlicmg/0]]></PicUrl>
<MsgId>22263203800132559</MsgId>
<MediaId><![CDATA[iyT0blX4JQGqL2fB6tnhbsT2Gr8ZSI61bzspb1yeD2vPJcHU-TSiJUhz_vm9-LSA]]></MediaId>
</xml>

2019-04-12 19:29:59<xml><ToUserName><![CDATA[gh_fee5ffe2fe4d]]></ToUserName>
<FromUserName><![CDATA[oCeEX1sDfbqkaguYkL1D2Qj4qz30]]></FromUserName>
<CreateTime>1555067061</CreateTime>
<MsgType><![CDATA[image]]></MsgType>
<PicUrl><![CDATA[http://mmbiz.qpic.cn/mmbiz_jpg/Tic23mibyRpSlzur39icSs1DbG828MXhqKqxZptf4wvZlq44ZIR5R6cM1BuAwSuzekCaVysiano56vyv4VEelLlicmg/0]]></PicUrl>
<MsgId>22263203800132559</MsgId>
<MediaId><![CDATA[iyT0blX4JQGqL2fB6tnhbsT2Gr8ZSI61bzspb1yeD2vPJcHU-TSiJUhz_vm9-LSA]]></MediaId>
</xml>

2019-04-12 19:31:51<xml><ToUserName><![CDATA[gh_fee5ffe2fe4d]]></ToUserName>
<FromUserName><![CDATA[oCeEX1sDfbqkaguYkL1D2Qj4qz30]]></FromUserName>
<CreateTime>1555068678</CreateTime>
<MsgType><![CDATA[image]]></MsgType>
<PicUrl><![CDATA[http://mmbiz.qpic.cn/mmbiz_jpg/Tic23mibyRpSlzur39icSs1DbG828MXhqKqsOwYpKeuib9JadyZPDBH6YEv49aGF5xrfcE1SOWsdwll5ibBL4P07hmw/0]]></PicUrl>
<MsgId>22263231834367767</MsgId>
<MediaId><![CDATA[4uwRvmWNwUHpRY-MDBTiPcRJqcvEf80D-WtcNN4-_MC4gov-ogv2gsl9GLylD_Su]]></MediaId>
</xml>

2019-04-12 19:33:10<xml><ToUserName><![CDATA[gh_fee5ffe2fe4d]]></ToUserName>
<FromUserName><![CDATA[oCeEX1sDfbqkaguYkL1D2Qj4qz30]]></FromUserName>
<CreateTime>1555068678</CreateTime>
<MsgType><![CDATA[image]]></MsgType>
<PicUrl><![CDATA[http://mmbiz.qpic.cn/mmbiz_jpg/Tic23mibyRpSlzur39icSs1DbG828MXhqKqsOwYpKeuib9JadyZPDBH6YEv49aGF5xrfcE1SOWsdwll5ibBL4P07hmw/0]]></PicUrl>
<MsgId>22263231834367767</MsgId>
<MediaId><![CDATA[4uwRvmWNwUHpRY-MDBTiPcRJqcvEf80D-WtcNN4-_MC4gov-ogv2gsl9GLylD_Su]]></MediaId>
</xml>

2019-04-12 19:38:57<xml><ToUserName><![CDATA[gh_fee5ffe2fe4d]]></ToUserName>
<FromUserName><![CDATA[oCeEX1sDfbqkaguYkL1D2Qj4qz30]]></FromUserName>
<CreateTime>1555068678</CreateTime>
<MsgType><![CDATA[image]]></MsgType>
<PicUrl><![CDATA[http://mmbiz.qpic.cn/mmbiz_jpg/Tic23mibyRpSlzur39icSs1DbG828MXhqKqsOwYpKeuib9JadyZPDBH6YEv49aGF5xrfcE1SOWsdwll5ibBL4P07hmw/0]]></PicUrl>
<MsgId>22263231834367767</MsgId>
<MediaId><![CDATA[4uwRvmWNwUHpRY-MDBTiPcRJqcvEf80D-WtcNN4-_MC4gov-ogv2gsl9GLylD_Su]]></MediaId>
</xml>

2019-04-12 19:40:06<xml><ToUserName><![CDATA[gh_fee5ffe2fe4d]]></ToUserName>
<FromUserName><![CDATA[oCeEX1sDfbqkaguYkL1D2Qj4qz30]]></FromUserName>
<CreateTime>1555068678</CreateTime>
<MsgType><![CDATA[image]]></MsgType>
<PicUrl><![CDATA[http://mmbiz.qpic.cn/mmbiz_jpg/Tic23mibyRpSlzur39icSs1DbG828MXhqKqsOwYpKeuib9JadyZPDBH6YEv49aGF5xrfcE1SOWsdwll5ibBL4P07hmw/0]]></PicUrl>
<MsgId>22263231834367767</MsgId>
<MediaId><![CDATA[4uwRvmWNwUHpRY-MDBTiPcRJqcvEf80D-WtcNN4-_MC4gov-ogv2gsl9GLylD_Su]]></MediaId>
</xml>

2019-04-12 19:40:27<xml><ToUserName><![CDATA[gh_fee5ffe2fe4d]]></ToUserName>
<FromUserName><![CDATA[oCeEX1sDfbqkaguYkL1D2Qj4qz30]]></FromUserName>
<CreateTime>1555068678</CreateTime>
<MsgType><![CDATA[image]]></MsgType>
<PicUrl><![CDATA[http://mmbiz.qpic.cn/mmbiz_jpg/Tic23mibyRpSlzur39icSs1DbG828MXhqKqsOwYpKeuib9JadyZPDBH6YEv49aGF5xrfcE1SOWsdwll5ibBL4P07hmw/0]]></PicUrl>
<MsgId>22263231834367767</MsgId>
<MediaId><![CDATA[4uwRvmWNwUHpRY-MDBTiPcRJqcvEf80D-WtcNN4-_MC4gov-ogv2gsl9GLylD_Su]]></MediaId>
</xml>

2019-04-12 19:41:31<xml><ToUserName><![CDATA[gh_fee5ffe2fe4d]]></ToUserName>
<FromUserName><![CDATA[oCeEX1sDfbqkaguYkL1D2Qj4qz30]]></FromUserName>
<CreateTime>1555068678</CreateTime>
<MsgType><![CDATA[image]]></MsgType>
<PicUrl><![CDATA[http://mmbiz.qpic.cn/mmbiz_jpg/Tic23mibyRpSlzur39icSs1DbG828MXhqKqsOwYpKeuib9JadyZPDBH6YEv49aGF5xrfcE1SOWsdwll5ibBL4P07hmw/0]]></PicUrl>
<MsgId>22263231834367767</MsgId>
<MediaId><![CDATA[4uwRvmWNwUHpRY-MDBTiPcRJqcvEf80D-WtcNN4-_MC4gov-ogv2gsl9GLylD_Su]]></MediaId>
</xml>

2019-04-12 19:42:42<xml><ToUserName><![CDATA[gh_fee5ffe2fe4d]]></ToUserName>
<FromUserName><![CDATA[oCeEX1sDfbqkaguYkL1D2Qj4qz30]]></FromUserName>
<CreateTime>1555068678</CreateTime>
<MsgType><![CDATA[image]]></MsgType>
<PicUrl><![CDATA[http://mmbiz.qpic.cn/mmbiz_jpg/Tic23mibyRpSlzur39icSs1DbG828MXhqKqsOwYpKeuib9JadyZPDBH6YEv49aGF5xrfcE1SOWsdwll5ibBL4P07hmw/0]]></PicUrl>
<MsgId>22263231834367767</MsgId>
<MediaId><![CDATA[4uwRvmWNwUHpRY-MDBTiPcRJqcvEf80D-WtcNN4-_MC4gov-ogv2gsl9GLylD_Su]]></MediaId>
</xml>

2019-04-12 20:03:29<xml><ToUserName><![CDATA[gh_fee5ffe2fe4d]]></ToUserName>
<FromUserName><![CDATA[oCeEX1sDfbqkaguYkL1D2Qj4qz30]]></FromUserName>
<CreateTime>1555068678</CreateTime>
<MsgType><![CDATA[image]]></MsgType>
<PicUrl><![CDATA[http://mmbiz.qpic.cn/mmbiz_jpg/Tic23mibyRpSlzur39icSs1DbG828MXhqKqsOwYpKeuib9JadyZPDBH6YEv49aGF5xrfcE1SOWsdwll5ibBL4P07hmw/0]]></PicUrl>
<MsgId>22263231834367767</MsgId>
<MediaId><![CDATA[4uwRvmWNwUHpRY-MDBTiPcRJqcvEf80D-WtcNN4-_MC4gov-ogv2gsl9GLylD_Su]]></MediaId>
</xml>

2019-04-13 14:14:30<xml><ToUserName><![CDATA[gh_fee5ffe2fe4d]]></ToUserName>
<FromUserName><![CDATA[oCeEX1sDfbqkaguYkL1D2Qj4qz30]]></FromUserName>
<CreateTime>1555135662</CreateTime>
<MsgType><![CDATA[voice]]></MsgType>
<MediaId><![CDATA[zCY_9Bxs3lE7P4RXqEB0zrBG4G2xX2t1WmmGWaK4dD4cupG5GyFAwPTqb9Q9DjAR]]></MediaId>
<Format><![CDATA[amr]]></Format>
<MsgId>22264191259295487</MsgId>
<Recognition><![CDATA[]]></Recognition>
</xml>

2019-04-13 14:15:59<xml><ToUserName><![CDATA[gh_fee5ffe2fe4d]]></ToUserName>
<FromUserName><![CDATA[oCeEX1sDfbqkaguYkL1D2Qj4qz30]]></FromUserName>
<CreateTime>1555135662</CreateTime>
<MsgType><![CDATA[voice]]></MsgType>
<MediaId><![CDATA[zCY_9Bxs3lE7P4RXqEB0zrBG4G2xX2t1WmmGWaK4dD4cupG5GyFAwPTqb9Q9DjAR]]></MediaId>
<Format><![CDATA[amr]]></Format>
<MsgId>22264191259295487</MsgId>
<Recognition><![CDATA[]]></Recognition>
</xml>

2019-04-13 14:18:50<xml><ToUserName><![CDATA[gh_fee5ffe2fe4d]]></ToUserName>
<FromUserName><![CDATA[oCeEX1sDfbqkaguYkL1D2Qj4qz30]]></FromUserName>
<CreateTime>1555135662</CreateTime>
<MsgType><![CDATA[voice]]></MsgType>
<MediaId><![CDATA[zCY_9Bxs3lE7P4RXqEB0zrBG4G2xX2t1WmmGWaK4dD4cupG5GyFAwPTqb9Q9DjAR]]></MediaId>
<Format><![CDATA[amr]]></Format>
<MsgId>22264191259295487</MsgId>
<Recognition><![CDATA[]]></Recognition>
</xml>

2019-04-13 14:32:14<xml><ToUserName><![CDATA[gh_fee5ffe2fe4d]]></ToUserName>
<FromUserName><![CDATA[oCeEX1sDfbqkaguYkL1D2Qj4qz30]]></FromUserName>
<CreateTime>1555135662</CreateTime>
<MsgType><![CDATA[voice]]></MsgType>
<MediaId><![CDATA[zCY_9Bxs3lE7P4RXqEB0zrBG4G2xX2t1WmmGWaK4dD4cupG5GyFAwPTqb9Q9DjAR]]></MediaId>
<Format><![CDATA[amr]]></Format>
<MsgId>22264191259295487</MsgId>
<Recognition><![CDATA[]]></Recognition>
</xml>

2019-04-15 14:59:44<xml><ToUserName><![CDATA[gh_fee5ffe2fe4d]]></ToUserName>
<FromUserName><![CDATA[oCeEX1sDfbqkaguYkL1D2Qj4qz30]]></FromUserName>
<CreateTime>1555311535</CreateTime>
<MsgType><![CDATA[image]]></MsgType>
<PicUrl><![CDATA[http://mmbiz.qpic.cn/mmbiz_jpg/Tic23mibyRpSn1y0dDibYywBBhuGqCDjcrOaNPysqpPDKez01I8zAoVia7eYaXXfwSY7dObJl2KxOpOqUvjJEALvkg/0]]></PicUrl>
<MsgId>22266707803953430</MsgId>
<MediaId><![CDATA[ZhODU3lIeMyvG3nsoDPAuapkrOVDtgKxvKs3MSRLQ9v-NrcFUTe708dbV3HTcfCG]]></MediaId>
</xml>

2019-04-15 15:00:50<xml><ToUserName><![CDATA[gh_fee5ffe2fe4d]]></ToUserName>
<FromUserName><![CDATA[oCeEX1sDfbqkaguYkL1D2Qj4qz30]]></FromUserName>
<CreateTime>1555311535</CreateTime>
<MsgType><![CDATA[image]]></MsgType>
<PicUrl><![CDATA[http://mmbiz.qpic.cn/mmbiz_jpg/Tic23mibyRpSn1y0dDibYywBBhuGqCDjcrOaNPysqpPDKez01I8zAoVia7eYaXXfwSY7dObJl2KxOpOqUvjJEALvkg/0]]></PicUrl>
<MsgId>22266707803953430</MsgId>
<MediaId><![CDATA[ZhODU3lIeMyvG3nsoDPAuapkrOVDtgKxvKs3MSRLQ9v-NrcFUTe708dbV3HTcfCG]]></MediaId>
</xml>

2019-04-15 15:01:17<xml><ToUserName><![CDATA[gh_fee5ffe2fe4d]]></ToUserName>
<FromUserName><![CDATA[oCeEX1sDfbqkaguYkL1D2Qj4qz30]]></FromUserName>
<CreateTime>1555311535</CreateTime>
<MsgType><![CDATA[image]]></MsgType>
<PicUrl><![CDATA[http://mmbiz.qpic.cn/mmbiz_jpg/Tic23mibyRpSn1y0dDibYywBBhuGqCDjcrOaNPysqpPDKez01I8zAoVia7eYaXXfwSY7dObJl2KxOpOqUvjJEALvkg/0]]></PicUrl>
<MsgId>22266707803953430</MsgId>
<MediaId><![CDATA[ZhODU3lIeMyvG3nsoDPAuapkrOVDtgKxvKs3MSRLQ9v-NrcFUTe708dbV3HTcfCG]]></MediaId>
</xml>

2019-04-15 15:02:06<xml><ToUserName><![CDATA[gh_fee5ffe2fe4d]]></ToUserName>
<FromUserName><![CDATA[oCeEX1p4LyuDYV16wOIKTyICKyW4]]></FromUserName>
<CreateTime>1555311709</CreateTime>
<MsgType><![CDATA[event]]></MsgType>
<Event><![CDATA[CLICK]]></Event>
<EventKey><![CDATA[key_menu_001]]></EventKey>
</xml>

2019-04-15 15:02:26<xml><ToUserName><![CDATA[gh_fee5ffe2fe4d]]></ToUserName>
<FromUserName><![CDATA[oCeEX1p4LyuDYV16wOIKTyICKyW4]]></FromUserName>
<CreateTime>1555311709</CreateTime>
<MsgType><![CDATA[event]]></MsgType>
<Event><![CDATA[CLICK]]></Event>
<EventKey><![CDATA[key_menu_001]]></EventKey>
</xml>

2019-04-15 15:03:20<xml><ToUserName><![CDATA[gh_fee5ffe2fe4d]]></ToUserName>
<FromUserName><![CDATA[oCeEX1p4LyuDYV16wOIKTyICKyW4]]></FromUserName>
<CreateTime>1555311709</CreateTime>
<MsgType><![CDATA[event]]></MsgType>
<Event><![CDATA[CLICK]]></Event>
<EventKey><![CDATA[key_menu_001]]></EventKey>
</xml>

2019-04-15 15:03:41<xml><ToUserName><![CDATA[gh_fee5ffe2fe4d]]></ToUserName>
<FromUserName><![CDATA[oCeEX1p4LyuDYV16wOIKTyICKyW4]]></FromUserName>
<CreateTime>1555311709</CreateTime>
<MsgType><![CDATA[event]]></MsgType>
<Event><![CDATA[CLICK]]></Event>
<EventKey><![CDATA[key_menu_001]]></EventKey>
</xml>

2019-04-15 15:03:58<xml><ToUserName><![CDATA[gh_fee5ffe2fe4d]]></ToUserName>
<FromUserName><![CDATA[oCeEX1p4LyuDYV16wOIKTyICKyW4]]></FromUserName>
<CreateTime>1555311709</CreateTime>
<MsgType><![CDATA[event]]></MsgType>
<Event><![CDATA[CLICK]]></Event>
<EventKey><![CDATA[key_menu_001]]></EventKey>
</xml>

2019-04-15 15:04:17<xml><ToUserName><![CDATA[gh_fee5ffe2fe4d]]></ToUserName>
<FromUserName><![CDATA[oCeEX1p4LyuDYV16wOIKTyICKyW4]]></FromUserName>
<CreateTime>1555311709</CreateTime>
<MsgType><![CDATA[event]]></MsgType>
<Event><![CDATA[CLICK]]></Event>
<EventKey><![CDATA[key_menu_001]]></EventKey>
</xml>

2019-04-15 15:05:14<xml><ToUserName><![CDATA[gh_fee5ffe2fe4d]]></ToUserName>
<FromUserName><![CDATA[oCeEX1p4LyuDYV16wOIKTyICKyW4]]></FromUserName>
<CreateTime>1555311903</CreateTime>
<MsgType><![CDATA[image]]></MsgType>
<PicUrl><![CDATA[http://mmbiz.qpic.cn/mmbiz_jpg/ppyupiaqyRMLPuoA0mA9XzkvmZFDhctZLWic8AA5lZGky3q9sEMsduDkL46icjThXTOX11uZ9IQMRicmK85qxdAShw/0]]></PicUrl>
<MsgId>22266714306453495</MsgId>
<MediaId><![CDATA[WgOwfLfRqQ6Hsvr0_cfw9g3Zvvhrp2PYWathm-dPJkkZdrr7LqoCJMiTlc1cfaCW]]></MediaId>
</xml>

2019-04-15 15:29:04<xml><ToUserName><![CDATA[gh_fee5ffe2fe4d]]></ToUserName>
<FromUserName><![CDATA[oCeEX1sDfbqkaguYkL1D2Qj4qz30]]></FromUserName>
<CreateTime>1555313032</CreateTime>
<MsgType><![CDATA[video]]></MsgType>
<MediaId><![CDATA[79c8Waw2kY_eo4oFvHCIu4AqMKluYgL9YvCUKFUk4ZFdXzYN8wSo68CWsg2CuFKm]]></MediaId>
<ThumbMediaId><![CDATA[kpAjxzIB3Ri6bv7nJdyeOmENYgr_IZ-OIeF3SWsaAbrUoZQxTAPrhZl4MPxUGqEP]]></ThumbMediaId>
<MsgId>22266727528283657</MsgId>
</xml>



2019-04-15 18:09:38<xml><ToUserName><![CDATA[gh_fee5ffe2fe4d]]></ToUserName>
<FromUserName><![CDATA[oCeEX1sDfbqkaguYkL1D2Qj4qz30]]></FromUserName>
<CreateTime>1555322878</CreateTime>
<MsgType><![CDATA[image]]></MsgType>
<PicUrl><![CDATA[http://mmbiz.qpic.cn/mmbiz_jpg/Tic23mibyRpSn1y0dDibYywBBhuGqCDjcrOaNPysqpPDKez01I8zAoVia7eYaXXfwSY7dObJl2KxOpOqUvjJEALvkg/0]]></PicUrl>
<MsgId>22266867810716844</MsgId>
<MediaId><![CDATA[VM85RKnSbqSJNL_Kg_60VqBPC36MyrpxWsFxXLhjqw3IfTltePS0wt-cTIdpezWt]]></MediaId>
</xml>




2019-04-15 18:10:25<xml><ToUserName><![CDATA[gh_fee5ffe2fe4d]]></ToUserName>
<FromUserName><![CDATA[oCeEX1sDfbqkaguYkL1D2Qj4qz30]]></FromUserName>
<CreateTime>1555322878</CreateTime>
<MsgType><![CDATA[image]]></MsgType>
<PicUrl><![CDATA[http://mmbiz.qpic.cn/mmbiz_jpg/Tic23mibyRpSn1y0dDibYywBBhuGqCDjcrOaNPysqpPDKez01I8zAoVia7eYaXXfwSY7dObJl2KxOpOqUvjJEALvkg/0]]></PicUrl>
<MsgId>22266867810716844</MsgId>
<MediaId><![CDATA[VM85RKnSbqSJNL_Kg_60VqBPC36MyrpxWsFxXLhjqw3IfTltePS0wt-cTIdpezWt]]></MediaId>
</xml>




2019-04-15 18:13:20<xml><ToUserName><![CDATA[gh_fee5ffe2fe4d]]></ToUserName>
<FromUserName><![CDATA[oCeEX1sDfbqkaguYkL1D2Qj4qz30]]></FromUserName>
<CreateTime>1555322878</CreateTime>
<MsgType><![CDATA[image]]></MsgType>
<PicUrl><![CDATA[http://mmbiz.qpic.cn/mmbiz_jpg/Tic23mibyRpSn1y0dDibYywBBhuGqCDjcrOaNPysqpPDKez01I8zAoVia7eYaXXfwSY7dObJl2KxOpOqUvjJEALvkg/0]]></PicUrl>
<MsgId>22266867810716844</MsgId>
<MediaId><![CDATA[VM85RKnSbqSJNL_Kg_60VqBPC36MyrpxWsFxXLhjqw3IfTltePS0wt-cTIdpezWt]]></MediaId>
</xml>




2019-04-15 18:17:15<xml><ToUserName><![CDATA[gh_fee5ffe2fe4d]]></ToUserName>
<FromUserName><![CDATA[oCeEX1sDfbqkaguYkL1D2Qj4qz30]]></FromUserName>
<CreateTime>1555322878</CreateTime>
<MsgType><![CDATA[image]]></MsgType>
<PicUrl><![CDATA[http://mmbiz.qpic.cn/mmbiz_jpg/Tic23mibyRpSn1y0dDibYywBBhuGqCDjcrOaNPysqpPDKez01I8zAoVia7eYaXXfwSY7dObJl2KxOpOqUvjJEALvkg/0]]></PicUrl>
<MsgId>22266867810716844</MsgId>
<MediaId><![CDATA[VM85RKnSbqSJNL_Kg_60VqBPC36MyrpxWsFxXLhjqw3IfTltePS0wt-cTIdpezWt]]></MediaId>
</xml>




2019-04-15 18:20:48<xml><ToUserName><![CDATA[gh_fee5ffe2fe4d]]></ToUserName>
<FromUserName><![CDATA[oCeEX1sDfbqkaguYkL1D2Qj4qz30]]></FromUserName>
<CreateTime>1555322878</CreateTime>
<MsgType><![CDATA[image]]></MsgType>
<PicUrl><![CDATA[http://mmbiz.qpic.cn/mmbiz_jpg/Tic23mibyRpSn1y0dDibYywBBhuGqCDjcrOaNPysqpPDKez01I8zAoVia7eYaXXfwSY7dObJl2KxOpOqUvjJEALvkg/0]]></PicUrl>
<MsgId>22266867810716844</MsgId>
<MediaId><![CDATA[VM85RKnSbqSJNL_Kg_60VqBPC36MyrpxWsFxXLhjqw3IfTltePS0wt-cTIdpezWt]]></MediaId>
</xml>




2019-04-15 18:36:35<xml><ToUserName><![CDATA[gh_fee5ffe2fe4d]]></ToUserName>
<FromUserName><![CDATA[oCeEX1sDfbqkaguYkL1D2Qj4qz30]]></FromUserName>
<CreateTime>1555322878</CreateTime>
<MsgType><![CDATA[image]]></MsgType>
<PicUrl><![CDATA[http://mmbiz.qpic.cn/mmbiz_jpg/Tic23mibyRpSn1y0dDibYywBBhuGqCDjcrOaNPysqpPDKez01I8zAoVia7eYaXXfwSY7dObJl2KxOpOqUvjJEALvkg/0]]></PicUrl>
<MsgId>22266867810716844</MsgId>
<MediaId><![CDATA[VM85RKnSbqSJNL_Kg_60VqBPC36MyrpxWsFxXLhjqw3IfTltePS0wt-cTIdpezWt]]></MediaId>
</xml>




2019-04-15 18:36:43<xml><ToUserName><![CDATA[gh_fee5ffe2fe4d]]></ToUserName>
<FromUserName><![CDATA[oCeEX1sDfbqkaguYkL1D2Qj4qz30]]></FromUserName>
<CreateTime>1555322878</CreateTime>
<MsgType><![CDATA[image]]></MsgType>
<PicUrl><![CDATA[http://mmbiz.qpic.cn/mmbiz_jpg/Tic23mibyRpSn1y0dDibYywBBhuGqCDjcrOaNPysqpPDKez01I8zAoVia7eYaXXfwSY7dObJl2KxOpOqUvjJEALvkg/0]]></PicUrl>
<MsgId>22266867810716844</MsgId>
<MediaId><![CDATA[VM85RKnSbqSJNL_Kg_60VqBPC36MyrpxWsFxXLhjqw3IfTltePS0wt-cTIdpezWt]]></MediaId>
</xml>




2019-04-15 18:45:35<xml><ToUserName><![CDATA[gh_fee5ffe2fe4d]]></ToUserName>
<FromUserName><![CDATA[oCeEX1sDfbqkaguYkL1D2Qj4qz30]]></FromUserName>
<CreateTime>1555322878</CreateTime>
<MsgType><![CDATA[image]]></MsgType>
<PicUrl><![CDATA[http://mmbiz.qpic.cn/mmbiz_jpg/Tic23mibyRpSn1y0dDibYywBBhuGqCDjcrOaNPysqpPDKez01I8zAoVia7eYaXXfwSY7dObJl2KxOpOqUvjJEALvkg/0]]></PicUrl>
<MsgId>22266867810716844</MsgId>
<MediaId><![CDATA[VM85RKnSbqSJNL_Kg_60VqBPC36MyrpxWsFxXLhjqw3IfTltePS0wt-cTIdpezWt]]></MediaId>
</xml>




2019-04-15 18:51:15<xml><ToUserName><![CDATA[gh_fee5ffe2fe4d]]></ToUserName>
<FromUserName><![CDATA[oCeEX1sDfbqkaguYkL1D2Qj4qz30]]></FromUserName>
<CreateTime>1555325393</CreateTime>
<MsgType><![CDATA[voice]]></MsgType>
<MediaId><![CDATA[lOUZtV4qOescpqoQmvWw5N5oWySUx6mPzQCb1rxcW7S9x8xwGebXGVrSPBX-_sx8]]></MediaId>
<Format><![CDATA[amr]]></Format>
<MsgId>22266903262270472</MsgId>
<Recognition><![CDATA[]]></Recognition>
</xml>




2019-04-15 18:57:28<xml><ToUserName><![CDATA[gh_fee5ffe2fe4d]]></ToUserName>
<FromUserName><![CDATA[oCeEX1sDfbqkaguYkL1D2Qj4qz30]]></FromUserName>
<CreateTime>1555325393</CreateTime>
<MsgType><![CDATA[voice]]></MsgType>
<MediaId><![CDATA[lOUZtV4qOescpqoQmvWw5N5oWySUx6mPzQCb1rxcW7S9x8xwGebXGVrSPBX-_sx8]]></MediaId>
<Format><![CDATA[amr]]></Format>
<MsgId>22266903262270472</MsgId>
<Recognition><![CDATA[]]></Recognition>
</xml>




2019-04-15 18:57:51<xml><ToUserName><![CDATA[gh_fee5ffe2fe4d]]></ToUserName>
<FromUserName><![CDATA[oCeEX1sDfbqkaguYkL1D2Qj4qz30]]></FromUserName>
<CreateTime>1555325393</CreateTime>
<MsgType><![CDATA[voice]]></MsgType>
<MediaId><![CDATA[lOUZtV4qOescpqoQmvWw5N5oWySUx6mPzQCb1rxcW7S9x8xwGebXGVrSPBX-_sx8]]></MediaId>
<Format><![CDATA[amr]]></Format>
<MsgId>22266903262270472</MsgId>
<Recognition><![CDATA[]]></Recognition>
</xml>




2019-04-15 18:58:16<xml><ToUserName><![CDATA[gh_fee5ffe2fe4d]]></ToUserName>
<FromUserName><![CDATA[oCeEX1sDfbqkaguYkL1D2Qj4qz30]]></FromUserName>
<CreateTime>1555325393</CreateTime>
<MsgType><![CDATA[voice]]></MsgType>
<MediaId><![CDATA[lOUZtV4qOescpqoQmvWw5N5oWySUx6mPzQCb1rxcW7S9x8xwGebXGVrSPBX-_sx8]]></MediaId>
<Format><![CDATA[amr]]></Format>
<MsgId>22266903262270472</MsgId>
<Recognition><![CDATA[]]></Recognition>
</xml>




2019-04-15 18:59:11<xml><ToUserName><![CDATA[gh_fee5ffe2fe4d]]></ToUserName>
<FromUserName><![CDATA[oCeEX1sDfbqkaguYkL1D2Qj4qz30]]></FromUserName>
<CreateTime>1555325393</CreateTime>
<MsgType><![CDATA[voice]]></MsgType>
<MediaId><![CDATA[lOUZtV4qOescpqoQmvWw5N5oWySUx6mPzQCb1rxcW7S9x8xwGebXGVrSPBX-_sx8]]></MediaId>
<Format><![CDATA[amr]]></Format>
<MsgId>22266903262270472</MsgId>
<Recognition><![CDATA[]]></Recognition>
</xml>




2019-04-15 19:01:25<xml><ToUserName><![CDATA[gh_fee5ffe2fe4d]]></ToUserName>
<FromUserName><![CDATA[oCeEX1sDfbqkaguYkL1D2Qj4qz30]]></FromUserName>
<CreateTime>1555326026</CreateTime>
<MsgType><![CDATA[image]]></MsgType>
<PicUrl><![CDATA[http://mmbiz.qpic.cn/mmbiz_jpg/Tic23mibyRpSn1y0dDibYywBBhuGqCDjcrOaNPysqpPDKez01I8zAoVia7eYaXXfwSY7dObJl2KxOpOqUvjJEALvkg/0]]></PicUrl>
<MsgId>22266914790131785</MsgId>
<MediaId><![CDATA[eDZ-5TAMzbDa8-pg4ucl6V_eTWICGGByEA_DziueZKIrY8h4Mw3c7n3YtRKje6Nr]]></MediaId>
</xml>





2019-04-15 19:03:26<xml><ToUserName><![CDATA[gh_fee5ffe2fe4d]]></ToUserName>
<FromUserName><![CDATA[oCeEX1sDfbqkaguYkL1D2Qj4qz30]]></FromUserName>
<CreateTime>1555326026</CreateTime>
<MsgType><![CDATA[image]]></MsgType>
<PicUrl><![CDATA[http://mmbiz.qpic.cn/mmbiz_jpg/Tic23mibyRpSn1y0dDibYywBBhuGqCDjcrOaNPysqpPDKez01I8zAoVia7eYaXXfwSY7dObJl2KxOpOqUvjJEALvkg/0]]></PicUrl>
<MsgId>22266914790131785</MsgId>
<MediaId><![CDATA[eDZ-5TAMzbDa8-pg4ucl6V_eTWICGGByEA_DziueZKIrY8h4Mw3c7n3YtRKje6Nr]]></MediaId>
</xml>





2019-04-15 19:05:57<xml><ToUserName><![CDATA[gh_fee5ffe2fe4d]]></ToUserName>
<FromUserName><![CDATA[oCeEX1sDfbqkaguYkL1D2Qj4qz30]]></FromUserName>
<CreateTime>1555326026</CreateTime>
<MsgType><![CDATA[image]]></MsgType>
<PicUrl><![CDATA[http://mmbiz.qpic.cn/mmbiz_jpg/Tic23mibyRpSn1y0dDibYywBBhuGqCDjcrOaNPysqpPDKez01I8zAoVia7eYaXXfwSY7dObJl2KxOpOqUvjJEALvkg/0]]></PicUrl>
<MsgId>22266914790131785</MsgId>
<MediaId><![CDATA[eDZ-5TAMzbDa8-pg4ucl6V_eTWICGGByEA_DziueZKIrY8h4Mw3c7n3YtRKje6Nr]]></MediaId>
</xml>





2019-04-15 19:09:22<xml><ToUserName><![CDATA[gh_fee5ffe2fe4d]]></ToUserName>
<FromUserName><![CDATA[oCeEX1sDfbqkaguYkL1D2Qj4qz30]]></FromUserName>
<CreateTime>1555326026</CreateTime>
<MsgType><![CDATA[image]]></MsgType>
<PicUrl><![CDATA[http://mmbiz.qpic.cn/mmbiz_jpg/Tic23mibyRpSn1y0dDibYywBBhuGqCDjcrOaNPysqpPDKez01I8zAoVia7eYaXXfwSY7dObJl2KxOpOqUvjJEALvkg/0]]></PicUrl>
<MsgId>22266914790131785</MsgId>
<MediaId><![CDATA[eDZ-5TAMzbDa8-pg4ucl6V_eTWICGGByEA_DziueZKIrY8h4Mw3c7n3YtRKje6Nr]]></MediaId>
</xml>





2019-04-15 19:14:25<xml><ToUserName><![CDATA[gh_fee5ffe2fe4d]]></ToUserName>
<FromUserName><![CDATA[oCeEX1sDfbqkaguYkL1D2Qj4qz30]]></FromUserName>
<CreateTime>1555326026</CreateTime>
<MsgType><![CDATA[image]]></MsgType>
<PicUrl><![CDATA[http://mmbiz.qpic.cn/mmbiz_jpg/Tic23mibyRpSn1y0dDibYywBBhuGqCDjcrOaNPysqpPDKez01I8zAoVia7eYaXXfwSY7dObJl2KxOpOqUvjJEALvkg/0]]></PicUrl>
<MsgId>22266914790131785</MsgId>
<MediaId><![CDATA[eDZ-5TAMzbDa8-pg4ucl6V_eTWICGGByEA_DziueZKIrY8h4Mw3c7n3YtRKje6Nr]]></MediaId>
</xml>





2019-04-15 19:15:17<xml><ToUserName><![CDATA[gh_fee5ffe2fe4d]]></ToUserName>
<FromUserName><![CDATA[oCeEX1sDfbqkaguYkL1D2Qj4qz30]]></FromUserName>
<CreateTime>1555326026</CreateTime>
<MsgType><![CDATA[image]]></MsgType>
<PicUrl><![CDATA[http://mmbiz.qpic.cn/mmbiz_jpg/Tic23mibyRpSn1y0dDibYywBBhuGqCDjcrOaNPysqpPDKez01I8zAoVia7eYaXXfwSY7dObJl2KxOpOqUvjJEALvkg/0]]></PicUrl>
<MsgId>22266914790131785</MsgId>
<MediaId><![CDATA[eDZ-5TAMzbDa8-pg4ucl6V_eTWICGGByEA_DziueZKIrY8h4Mw3c7n3YtRKje6Nr]]></MediaId>
</xml>





2019-04-15 19:15:51<xml><ToUserName><![CDATA[gh_fee5ffe2fe4d]]></ToUserName>
<FromUserName><![CDATA[oCeEX1sDfbqkaguYkL1D2Qj4qz30]]></FromUserName>
<CreateTime>1555326026</CreateTime>
<MsgType><![CDATA[image]]></MsgType>
<PicUrl><![CDATA[http://mmbiz.qpic.cn/mmbiz_jpg/Tic23mibyRpSn1y0dDibYywBBhuGqCDjcrOaNPysqpPDKez01I8zAoVia7eYaXXfwSY7dObJl2KxOpOqUvjJEALvkg/0]]></PicUrl>
<MsgId>22266914790131785</MsgId>
<MediaId><![CDATA[eDZ-5TAMzbDa8-pg4ucl6V_eTWICGGByEA_DziueZKIrY8h4Mw3c7n3YtRKje6Nr]]></MediaId>
</xml>





2019-04-15 19:19:52<xml><ToUserName><![CDATA[gh_fee5ffe2fe4d]]></ToUserName>
<FromUserName><![CDATA[oCeEX1sDfbqkaguYkL1D2Qj4qz30]]></FromUserName>
<CreateTime>1555326026</CreateTime>
<MsgType><![CDATA[image]]></MsgType>
<PicUrl><![CDATA[http://mmbiz.qpic.cn/mmbiz_jpg/Tic23mibyRpSn1y0dDibYywBBhuGqCDjcrOaNPysqpPDKez01I8zAoVia7eYaXXfwSY7dObJl2KxOpOqUvjJEALvkg/0]]></PicUrl>
<MsgId>22266914790131785</MsgId>
<MediaId><![CDATA[eDZ-5TAMzbDa8-pg4ucl6V_eTWICGGByEA_DziueZKIrY8h4Mw3c7n3YtRKje6Nr]]></MediaId>
</xml>





2019-04-15 19:21:22<xml><ToUserName><![CDATA[gh_fee5ffe2fe4d]]></ToUserName>
<FromUserName><![CDATA[oCeEX1sDfbqkaguYkL1D2Qj4qz30]]></FromUserName>
<CreateTime>1555326026</CreateTime>
<MsgType><![CDATA[image]]></MsgType>
<PicUrl><![CDATA[http://mmbiz.qpic.cn/mmbiz_jpg/Tic23mibyRpSn1y0dDibYywBBhuGqCDjcrOaNPysqpPDKez01I8zAoVia7eYaXXfwSY7dObJl2KxOpOqUvjJEALvkg/0]]></PicUrl>
<MsgId>22266914790131785</MsgId>
<MediaId><![CDATA[eDZ-5TAMzbDa8-pg4ucl6V_eTWICGGByEA_DziueZKIrY8h4Mw3c7n3YtRKje6Nr]]></MediaId>
</xml>





2019-04-15 19:23:53<xml><ToUserName><![CDATA[gh_fee5ffe2fe4d]]></ToUserName>
<FromUserName><![CDATA[oCeEX1sDfbqkaguYkL1D2Qj4qz30]]></FromUserName>
<CreateTime>1555326026</CreateTime>
<MsgType><![CDATA[image]]></MsgType>
<PicUrl><![CDATA[http://mmbiz.qpic.cn/mmbiz_jpg/Tic23mibyRpSn1y0dDibYywBBhuGqCDjcrOaNPysqpPDKez01I8zAoVia7eYaXXfwSY7dObJl2KxOpOqUvjJEALvkg/0]]></PicUrl>
<MsgId>22266914790131785</MsgId>
<MediaId><![CDATA[eDZ-5TAMzbDa8-pg4ucl6V_eTWICGGByEA_DziueZKIrY8h4Mw3c7n3YtRKje6Nr]]></MediaId>
</xml>





2019-04-15 19:26:02<xml><ToUserName><![CDATA[gh_fee5ffe2fe4d]]></ToUserName>
<FromUserName><![CDATA[oCeEX1sDfbqkaguYkL1D2Qj4qz30]]></FromUserName>
<CreateTime>1555326026</CreateTime>
<MsgType><![CDATA[image]]></MsgType>
<PicUrl><![CDATA[http://mmbiz.qpic.cn/mmbiz_jpg/Tic23mibyRpSn1y0dDibYywBBhuGqCDjcrOaNPysqpPDKez01I8zAoVia7eYaXXfwSY7dObJl2KxOpOqUvjJEALvkg/0]]></PicUrl>
<MsgId>22266914790131785</MsgId>
<MediaId><![CDATA[eDZ-5TAMzbDa8-pg4ucl6V_eTWICGGByEA_DziueZKIrY8h4Mw3c7n3YtRKje6Nr]]></MediaId>
</xml>





2019-04-15 19:29:08<xml><ToUserName><![CDATA[gh_fee5ffe2fe4d]]></ToUserName>
<FromUserName><![CDATA[oCeEX1sDfbqkaguYkL1D2Qj4qz30]]></FromUserName>
<CreateTime>1555326026</CreateTime>
<MsgType><![CDATA[image]]></MsgType>
<PicUrl><![CDATA[http://mmbiz.qpic.cn/mmbiz_jpg/Tic23mibyRpSn1y0dDibYywBBhuGqCDjcrOaNPysqpPDKez01I8zAoVia7eYaXXfwSY7dObJl2KxOpOqUvjJEALvkg/0]]></PicUrl>
<MsgId>22266914790131785</MsgId>
<MediaId><![CDATA[eDZ-5TAMzbDa8-pg4ucl6V_eTWICGGByEA_DziueZKIrY8h4Mw3c7n3YtRKje6Nr]]></MediaId>
</xml>





2019-04-15 19:31:52<xml><ToUserName><![CDATA[gh_fee5ffe2fe4d]]></ToUserName>
<FromUserName><![CDATA[oCeEX1sDfbqkaguYkL1D2Qj4qz30]]></FromUserName>
<CreateTime>1555326026</CreateTime>
<MsgType><![CDATA[image]]></MsgType>
<PicUrl><![CDATA[http://mmbiz.qpic.cn/mmbiz_jpg/Tic23mibyRpSn1y0dDibYywBBhuGqCDjcrOaNPysqpPDKez01I8zAoVia7eYaXXfwSY7dObJl2KxOpOqUvjJEALvkg/0]]></PicUrl>
<MsgId>22266914790131785</MsgId>
<MediaId><![CDATA[eDZ-5TAMzbDa8-pg4ucl6V_eTWICGGByEA_DziueZKIrY8h4Mw3c7n3YtRKje6Nr]]></MediaId>
</xml>





2019-04-15 19:33:58<xml><ToUserName><![CDATA[gh_fee5ffe2fe4d]]></ToUserName>
<FromUserName><![CDATA[oCeEX1sDfbqkaguYkL1D2Qj4qz30]]></FromUserName>
<CreateTime>1555326026</CreateTime>
<MsgType><![CDATA[image]]></MsgType>
<PicUrl><![CDATA[http://mmbiz.qpic.cn/mmbiz_jpg/Tic23mibyRpSn1y0dDibYywBBhuGqCDjcrOaNPysqpPDKez01I8zAoVia7eYaXXfwSY7dObJl2KxOpOqUvjJEALvkg/0]]></PicUrl>
<MsgId>22266914790131785</MsgId>
<MediaId><![CDATA[eDZ-5TAMzbDa8-pg4ucl6V_eTWICGGByEA_DziueZKIrY8h4Mw3c7n3YtRKje6Nr]]></MediaId>
</xml>





2019-04-15 19:34:31<xml><ToUserName><![CDATA[gh_fee5ffe2fe4d]]></ToUserName>
<FromUserName><![CDATA[oCeEX1sDfbqkaguYkL1D2Qj4qz30]]></FromUserName>
<CreateTime>1555326026</CreateTime>
<MsgType><![CDATA[image]]></MsgType>
<PicUrl><![CDATA[http://mmbiz.qpic.cn/mmbiz_jpg/Tic23mibyRpSn1y0dDibYywBBhuGqCDjcrOaNPysqpPDKez01I8zAoVia7eYaXXfwSY7dObJl2KxOpOqUvjJEALvkg/0]]></PicUrl>
<MsgId>22266914790131785</MsgId>
<MediaId><![CDATA[eDZ-5TAMzbDa8-pg4ucl6V_eTWICGGByEA_DziueZKIrY8h4Mw3c7n3YtRKje6Nr]]></MediaId>
</xml>





2019-04-15 19:54:39<xml><ToUserName><![CDATA[gh_fee5ffe2fe4d]]></ToUserName>
<FromUserName><![CDATA[oCeEX1sDfbqkaguYkL1D2Qj4qz30]]></FromUserName>
<CreateTime>1555326026</CreateTime>
<MsgType><![CDATA[image]]></MsgType>
<PicUrl><![CDATA[http://mmbiz.qpic.cn/mmbiz_jpg/Tic23mibyRpSn1y0dDibYywBBhuGqCDjcrOaNPysqpPDKez01I8zAoVia7eYaXXfwSY7dObJl2KxOpOqUvjJEALvkg/0]]></PicUrl>
<MsgId>22266914790131785</MsgId>
<MediaId><![CDATA[eDZ-5TAMzbDa8-pg4ucl6V_eTWICGGByEA_DziueZKIrY8h4Mw3c7n3YtRKje6Nr]]></MediaId>
</xml>





2019-04-15 19:56:19<xml><ToUserName><![CDATA[gh_fee5ffe2fe4d]]></ToUserName>
<FromUserName><![CDATA[oCeEX1sDfbqkaguYkL1D2Qj4qz30]]></FromUserName>
<CreateTime>1555329353</CreateTime>
<MsgType><![CDATA[image]]></MsgType>
<PicUrl><![CDATA[http://mmbiz.qpic.cn/mmbiz_jpg/Tic23mibyRpSn1y0dDibYywBBhuGqCDjcrOO2RsoXOcSbAmafFyuBKBGDfAb5SH38XmWIGpSlQiakvzcoXiaKWuNibAQ/0]]></PicUrl>
<MsgId>22266961997293856</MsgId>
<MediaId><![CDATA[MEjYTih3qzFy2OO2jiaqPRtfTHoGtoNl0vlBsOvZrNKUNMJno410ntqi78G8Ot7M]]></MediaId>
</xml>





2019-04-15 19:56:41<xml><ToUserName><![CDATA[gh_fee5ffe2fe4d]]></ToUserName>
<FromUserName><![CDATA[oCeEX1sDfbqkaguYkL1D2Qj4qz30]]></FromUserName>
<CreateTime>1555329353</CreateTime>
<MsgType><![CDATA[image]]></MsgType>
<PicUrl><![CDATA[http://mmbiz.qpic.cn/mmbiz_jpg/Tic23mibyRpSn1y0dDibYywBBhuGqCDjcrOO2RsoXOcSbAmafFyuBKBGDfAb5SH38XmWIGpSlQiakvzcoXiaKWuNibAQ/0]]></PicUrl>
<MsgId>22266961997293856</MsgId>
<MediaId><![CDATA[MEjYTih3qzFy2OO2jiaqPRtfTHoGtoNl0vlBsOvZrNKUNMJno410ntqi78G8Ot7M]]></MediaId>
</xml>





2019-04-15 19:57:24<xml><ToUserName><![CDATA[gh_fee5ffe2fe4d]]></ToUserName>
<FromUserName><![CDATA[oCeEX1sDfbqkaguYkL1D2Qj4qz30]]></FromUserName>
<CreateTime>1555329353</CreateTime>
<MsgType><![CDATA[image]]></MsgType>
<PicUrl><![CDATA[http://mmbiz.qpic.cn/mmbiz_jpg/Tic23mibyRpSn1y0dDibYywBBhuGqCDjcrOO2RsoXOcSbAmafFyuBKBGDfAb5SH38XmWIGpSlQiakvzcoXiaKWuNibAQ/0]]></PicUrl>
<MsgId>22266961997293856</MsgId>
<MediaId><![CDATA[MEjYTih3qzFy2OO2jiaqPRtfTHoGtoNl0vlBsOvZrNKUNMJno410ntqi78G8Ot7M]]></MediaId>
</xml>





2019-04-15 19:57:45<xml><ToUserName><![CDATA[gh_fee5ffe2fe4d]]></ToUserName>
<FromUserName><![CDATA[oCeEX1sDfbqkaguYkL1D2Qj4qz30]]></FromUserName>
<CreateTime>1555329353</CreateTime>
<MsgType><![CDATA[image]]></MsgType>
<PicUrl><![CDATA[http://mmbiz.qpic.cn/mmbiz_jpg/Tic23mibyRpSn1y0dDibYywBBhuGqCDjcrOO2RsoXOcSbAmafFyuBKBGDfAb5SH38XmWIGpSlQiakvzcoXiaKWuNibAQ/0]]></PicUrl>
<MsgId>22266961997293856</MsgId>
<MediaId><![CDATA[MEjYTih3qzFy2OO2jiaqPRtfTHoGtoNl0vlBsOvZrNKUNMJno410ntqi78G8Ot7M]]></MediaId>
</xml>





2019-04-15 19:58:16<xml><ToUserName><![CDATA[gh_fee5ffe2fe4d]]></ToUserName>
<FromUserName><![CDATA[oCeEX1sDfbqkaguYkL1D2Qj4qz30]]></FromUserName>
<CreateTime>1555329353</CreateTime>
<MsgType><![CDATA[image]]></MsgType>
<PicUrl><![CDATA[http://mmbiz.qpic.cn/mmbiz_jpg/Tic23mibyRpSn1y0dDibYywBBhuGqCDjcrOO2RsoXOcSbAmafFyuBKBGDfAb5SH38XmWIGpSlQiakvzcoXiaKWuNibAQ/0]]></PicUrl>
<MsgId>22266961997293856</MsgId>
<MediaId><![CDATA[MEjYTih3qzFy2OO2jiaqPRtfTHoGtoNl0vlBsOvZrNKUNMJno410ntqi78G8Ot7M]]></MediaId>
</xml>





2019-04-15 19:59:56<xml><ToUserName><![CDATA[gh_fee5ffe2fe4d]]></ToUserName>
<FromUserName><![CDATA[oCeEX1sDfbqkaguYkL1D2Qj4qz30]]></FromUserName>
<CreateTime>1555329570</CreateTime>
<MsgType><![CDATA[image]]></MsgType>
<PicUrl><![CDATA[http://mmbiz.qpic.cn/mmbiz_jpg/Tic23mibyRpSn1y0dDibYywBBhuGqCDjcrOcLgfLyeic5GRLiaEtiaMa8UNyclfc5C80zMnMdYvWUHoqHMxrzicRAWgeA/0]]></PicUrl>
<MsgId>22266964883786902</MsgId>
<MediaId><![CDATA[P0pHtCoAVUjsbH6seUZy0sgab3FRATuDXVxTODfJV2on67LyQdhpCpTS7tTqAMYK]]></MediaId>
</xml>






2019-04-15 20:00:36<xml><ToUserName><![CDATA[gh_fee5ffe2fe4d]]></ToUserName>
<FromUserName><![CDATA[oCeEX1sDfbqkaguYkL1D2Qj4qz30]]></FromUserName>
<CreateTime>1555329570</CreateTime>
<MsgType><![CDATA[image]]></MsgType>
<PicUrl><![CDATA[http://mmbiz.qpic.cn/mmbiz_jpg/Tic23mibyRpSn1y0dDibYywBBhuGqCDjcrOcLgfLyeic5GRLiaEtiaMa8UNyclfc5C80zMnMdYvWUHoqHMxrzicRAWgeA/0]]></PicUrl>
<MsgId>22266964883786902</MsgId>
<MediaId><![CDATA[P0pHtCoAVUjsbH6seUZy0sgab3FRATuDXVxTODfJV2on67LyQdhpCpTS7tTqAMYK]]></MediaId>
</xml>






2019-04-15 20:07:57<xml><ToUserName><![CDATA[gh_fee5ffe2fe4d]]></ToUserName>
<FromUserName><![CDATA[oCeEX1sDfbqkaguYkL1D2Qj4qz30]]></FromUserName>
<CreateTime>1555330064</CreateTime>
<MsgType><![CDATA[voice]]></MsgType>
<MediaId><![CDATA[D16gEnd6RerrV4jpB7uUEreKIpkUaZwb9ZZuZjxsLC-1A_NZMwF4kKt-Ge0qES59]]></MediaId>
<Format><![CDATA[amr]]></Format>
<MsgId>22266970908357467</MsgId>
<Recognition><![CDATA[]]></Recognition>
</xml>






2019-04-15 20:10:54<xml><ToUserName><![CDATA[gh_fee5ffe2fe4d]]></ToUserName>
<FromUserName><![CDATA[oCeEX1sDfbqkaguYkL1D2Qj4qz30]]></FromUserName>
<CreateTime>1555329570</CreateTime>
<MsgType><![CDATA[image]]></MsgType>
<PicUrl><![CDATA[http://mmbiz.qpic.cn/mmbiz_jpg/Tic23mibyRpSn1y0dDibYywBBhuGqCDjcrOcLgfLyeic5GRLiaEtiaMa8UNyclfc5C80zMnMdYvWUHoqHMxrzicRAWgeA/0]]></PicUrl>
<MsgId>22266964883786902</MsgId>
<MediaId><![CDATA[P0pHtCoAVUjsbH6seUZy0sgab3FRATuDXVxTODfJV2on67LyQdhpCpTS7tTqAMYK]]></MediaId>
</xml>






2019-04-15 20:11:16<xml><ToUserName><![CDATA[gh_fee5ffe2fe4d]]></ToUserName>
<FromUserName><![CDATA[oCeEX1sDfbqkaguYkL1D2Qj4qz30]]></FromUserName>
<CreateTime>1555329570</CreateTime>
<MsgType><![CDATA[image]]></MsgType>
<PicUrl><![CDATA[http://mmbiz.qpic.cn/mmbiz_jpg/Tic23mibyRpSn1y0dDibYywBBhuGqCDjcrOcLgfLyeic5GRLiaEtiaMa8UNyclfc5C80zMnMdYvWUHoqHMxrzicRAWgeA/0]]></PicUrl>
<MsgId>22266964883786902</MsgId>
<MediaId><![CDATA[P0pHtCoAVUjsbH6seUZy0sgab3FRATuDXVxTODfJV2on67LyQdhpCpTS7tTqAMYK]]></MediaId>
</xml>






2019-04-15 20:12:02<xml><ToUserName><![CDATA[gh_fee5ffe2fe4d]]></ToUserName>
<FromUserName><![CDATA[oCeEX1sDfbqkaguYkL1D2Qj4qz30]]></FromUserName>
<CreateTime>1555329570</CreateTime>
<MsgType><![CDATA[image]]></MsgType>
<PicUrl><![CDATA[http://mmbiz.qpic.cn/mmbiz_jpg/Tic23mibyRpSn1y0dDibYywBBhuGqCDjcrOcLgfLyeic5GRLiaEtiaMa8UNyclfc5C80zMnMdYvWUHoqHMxrzicRAWgeA/0]]></PicUrl>
<MsgId>22266964883786902</MsgId>
<MediaId><![CDATA[P0pHtCoAVUjsbH6seUZy0sgab3FRATuDXVxTODfJV2on67LyQdhpCpTS7tTqAMYK]]></MediaId>
</xml>






2019-04-15 20:15:16<xml><ToUserName><![CDATA[gh_fee5ffe2fe4d]]></ToUserName>
<FromUserName><![CDATA[oCeEX1sDfbqkaguYkL1D2Qj4qz30]]></FromUserName>
<CreateTime>1555329570</CreateTime>
<MsgType><![CDATA[image]]></MsgType>
<PicUrl><![CDATA[http://mmbiz.qpic.cn/mmbiz_jpg/Tic23mibyRpSn1y0dDibYywBBhuGqCDjcrOcLgfLyeic5GRLiaEtiaMa8UNyclfc5C80zMnMdYvWUHoqHMxrzicRAWgeA/0]]></PicUrl>
<MsgId>22266964883786902</MsgId>
<MediaId><![CDATA[P0pHtCoAVUjsbH6seUZy0sgab3FRATuDXVxTODfJV2on67LyQdhpCpTS7tTqAMYK]]></MediaId>
</xml>






2019-04-15 20:16:21<xml><ToUserName><![CDATA[gh_fee5ffe2fe4d]]></ToUserName>
<FromUserName><![CDATA[oCeEX1sDfbqkaguYkL1D2Qj4qz30]]></FromUserName>
<CreateTime>1555329570</CreateTime>
<MsgType><![CDATA[image]]></MsgType>
<PicUrl><![CDATA[http://mmbiz.qpic.cn/mmbiz_jpg/Tic23mibyRpSn1y0dDibYywBBhuGqCDjcrOcLgfLyeic5GRLiaEtiaMa8UNyclfc5C80zMnMdYvWUHoqHMxrzicRAWgeA/0]]></PicUrl>
<MsgId>22266964883786902</MsgId>
<MediaId><![CDATA[P0pHtCoAVUjsbH6seUZy0sgab3FRATuDXVxTODfJV2on67LyQdhpCpTS7tTqAMYK]]></MediaId>
</xml>






2019-04-15 20:25:59<xml><ToUserName><![CDATA[gh_fee5ffe2fe4d]]></ToUserName>
<FromUserName><![CDATA[oCeEX1sDfbqkaguYkL1D2Qj4qz30]]></FromUserName>
<CreateTime>1555329570</CreateTime>
<MsgType><![CDATA[image]]></MsgType>
<PicUrl><![CDATA[http://mmbiz.qpic.cn/mmbiz_jpg/Tic23mibyRpSn1y0dDibYywBBhuGqCDjcrOcLgfLyeic5GRLiaEtiaMa8UNyclfc5C80zMnMdYvWUHoqHMxrzicRAWgeA/0]]></PicUrl>
<MsgId>22266964883786902</MsgId>
<MediaId><![CDATA[P0pHtCoAVUjsbH6seUZy0sgab3FRATuDXVxTODfJV2on67LyQdhpCpTS7tTqAMYK]]></MediaId>
</xml>






2019-04-15 20:26:24<xml><ToUserName><![CDATA[gh_fee5ffe2fe4d]]></ToUserName>
<FromUserName><![CDATA[oCeEX1sDfbqkaguYkL1D2Qj4qz30]]></FromUserName>
<CreateTime>1555329570</CreateTime>
<MsgType><![CDATA[image]]></MsgType>
<PicUrl><![CDATA[http://mmbiz.qpic.cn/mmbiz_jpg/Tic23mibyRpSn1y0dDibYywBBhuGqCDjcrOcLgfLyeic5GRLiaEtiaMa8UNyclfc5C80zMnMdYvWUHoqHMxrzicRAWgeA/0]]></PicUrl>
<MsgId>22266964883786902</MsgId>
<MediaId><![CDATA[P0pHtCoAVUjsbH6seUZy0sgab3FRATuDXVxTODfJV2on67LyQdhpCpTS7tTqAMYK]]></MediaId>
</xml>






2019-04-16 09:07:34<xml><ToUserName><![CDATA[gh_fee5ffe2fe4d]]></ToUserName>
<FromUserName><![CDATA[oCeEX1sDfbqkaguYkL1D2Qj4qz30]]></FromUserName>
<CreateTime>1555376086</CreateTime>
<MsgType><![CDATA[image]]></MsgType>
<PicUrl><![CDATA[http://mmbiz.qpic.cn/mmbiz_jpg/Tic23mibyRpSmzKgiaO4cePjmSUPv5EIxvDVpW7qDzicib3wUMPfzIw8vkBNT7qmBlXZjWrW1gbfvu05DTBdWpQmNEA/0]]></PicUrl>
<MsgId>22267630459305238</MsgId>
<MediaId><![CDATA[P6cAbCuYRAkmzv5NMR7poowQboxY42X97RsTp8v5bifU4UhlMi19leatdjhqQ7lP]]></MediaId>
</xml>






2019-04-16 10:32:05<xml><ToUserName><![CDATA[gh_fee5ffe2fe4d]]></ToUserName>
<FromUserName><![CDATA[oCeEX1sDfbqkaguYkL1D2Qj4qz30]]></FromUserName>
<CreateTime>1555381858</CreateTime>
<MsgType><![CDATA[text]]></MsgType>
<Content><![CDATA[åŒ—äº¬+å¤©æ°”]]></Content>
<MsgId>22267714252397083</MsgId>
</xml>






2019-04-16 10:32:58<xml><ToUserName><![CDATA[gh_fee5ffe2fe4d]]></ToUserName>
<FromUserName><![CDATA[oCeEX1sDfbqkaguYkL1D2Qj4qz30]]></FromUserName>
<CreateTime>1555381858</CreateTime>
<MsgType><![CDATA[text]]></MsgType>
<Content><![CDATA[åŒ—äº¬+å¤©æ°”]]></Content>
<MsgId>22267714252397083</MsgId>
</xml>






2019-04-16 10:33:15<xml><ToUserName><![CDATA[gh_fee5ffe2fe4d]]></ToUserName>
<FromUserName><![CDATA[oCeEX1sDfbqkaguYkL1D2Qj4qz30]]></FromUserName>
<CreateTime>1555381858</CreateTime>
<MsgType><![CDATA[text]]></MsgType>
<Content><![CDATA[åŒ—äº¬+å¤©æ°”]]></Content>
<MsgId>22267714252397083</MsgId>
</xml>






2019-04-16 10:37:30<xml><ToUserName><![CDATA[gh_fee5ffe2fe4d]]></ToUserName>
<FromUserName><![CDATA[oCeEX1sDfbqkaguYkL1D2Qj4qz30]]></FromUserName>
<CreateTime>1555381858</CreateTime>
<MsgType><![CDATA[text]]></MsgType>
<Content><![CDATA[åŒ—äº¬+å¤©æ°”]]></Content>
<MsgId>22267714252397083</MsgId>
</xml>






2019-04-16 10:49:52<xml><ToUserName><![CDATA[gh_fee5ffe2fe4d]]></ToUserName>
<FromUserName><![CDATA[oCeEX1sDfbqkaguYkL1D2Qj4qz30]]></FromUserName>
<CreateTime>1555381858</CreateTime>
<MsgType><![CDATA[text]]></MsgType>
<Content><![CDATA[åŒ—äº¬+å¤©æ°”]]></Content>
<MsgId>22267714252397083</MsgId>
</xml>






2019-04-16 10:51:22<xml><ToUserName><![CDATA[gh_fee5ffe2fe4d]]></ToUserName>
<FromUserName><![CDATA[oCeEX1sDfbqkaguYkL1D2Qj4qz30]]></FromUserName>
<CreateTime>1555381858</CreateTime>
<MsgType><![CDATA[text]]></MsgType>
<Content><![CDATA[åŒ—äº¬+å¤©æ°”]]></Content>
<MsgId>22267714252397083</MsgId>
</xml>






2019-04-16 10:52:23<xml><ToUserName><![CDATA[gh_fee5ffe2fe4d]]></ToUserName>
<FromUserName><![CDATA[oCeEX1sDfbqkaguYkL1D2Qj4qz30]]></FromUserName>
<CreateTime>1555381858</CreateTime>
<MsgType><![CDATA[text]]></MsgType>
<Content><![CDATA[åŒ—äº¬+å¤©æ°”]]></Content>
<MsgId>22267714252397083</MsgId>
</xml>






2019-04-16 10:58:55<xml><ToUserName><![CDATA[gh_fee5ffe2fe4d]]></ToUserName>
<FromUserName><![CDATA[oCeEX1sDfbqkaguYkL1D2Qj4qz30]]></FromUserName>
<CreateTime>1555381858</CreateTime>
<MsgType><![CDATA[text]]></MsgType>
<Content><![CDATA[åŒ—äº¬+å¤©æ°”]]></Content>
<MsgId>22267714252397083</MsgId>
</xml>






2019-04-16 11:00:18<xml><ToUserName><![CDATA[gh_fee5ffe2fe4d]]></ToUserName>
<FromUserName><![CDATA[oCeEX1sDfbqkaguYkL1D2Qj4qz30]]></FromUserName>
<CreateTime>1555381858</CreateTime>
<MsgType><![CDATA[text]]></MsgType>
<Content><![CDATA[åŒ—äº¬+å¤©æ°”]]></Content>
<MsgId>22267714252397083</MsgId>
</xml>






2019-04-16 11:04:15<xml><ToUserName><![CDATA[gh_fee5ffe2fe4d]]></ToUserName>
<FromUserName><![CDATA[oCeEX1sDfbqkaguYkL1D2Qj4qz30]]></FromUserName>
<CreateTime>1555381858</CreateTime>
<MsgType><![CDATA[text]]></MsgType>
<Content><![CDATA[åŒ—äº¬+å¤©æ°”]]></Content>
<MsgId>22267714252397083</MsgId>
</xml>






2019-04-16 11:05:01<xml><ToUserName><![CDATA[gh_fee5ffe2fe4d]]></ToUserName>
<FromUserName><![CDATA[oCeEX1sDfbqkaguYkL1D2Qj4qz30]]></FromUserName>
<CreateTime>1555381858</CreateTime>
<MsgType><![CDATA[text]]></MsgType>
<Content><![CDATA[åŒ—äº¬+å¤©æ°”]]></Content>
<MsgId>22267714252397083</MsgId>
</xml>






2019-04-16 11:07:18<xml><ToUserName><![CDATA[gh_fee5ffe2fe4d]]></ToUserName>
<FromUserName><![CDATA[oCeEX1sDfbqkaguYkL1D2Qj4qz30]]></FromUserName>
<CreateTime>1555381858</CreateTime>
<MsgType><![CDATA[text]]></MsgType>
<Content><![CDATA[åŒ—äº¬+å¤©æ°”]]></Content>
<MsgId>22267714252397083</MsgId>
</xml>






2019-04-16 11:07:52<xml><ToUserName><![CDATA[gh_fee5ffe2fe4d]]></ToUserName>
<FromUserName><![CDATA[oCeEX1sDfbqkaguYkL1D2Qj4qz30]]></FromUserName>
<CreateTime>1555381858</CreateTime>
<MsgType><![CDATA[text]]></MsgType>
<Content><![CDATA[åŒ—äº¬+å¤©æ°”]]></Content>
<MsgId>22267714252397083</MsgId>
</xml>






2019-04-16 11:08:30<xml><ToUserName><![CDATA[gh_fee5ffe2fe4d]]></ToUserName>
<FromUserName><![CDATA[oCeEX1sDfbqkaguYkL1D2Qj4qz30]]></FromUserName>
<CreateTime>1555381858</CreateTime>
<MsgType><![CDATA[text]]></MsgType>
<Content><![CDATA[åŒ—äº¬+å¤©æ°”]]></Content>
<MsgId>22267714252397083</MsgId>
</xml>






2019-04-16 11:08:58<xml><ToUserName><![CDATA[gh_fee5ffe2fe4d]]></ToUserName>
<FromUserName><![CDATA[oCeEX1sDfbqkaguYkL1D2Qj4qz30]]></FromUserName>
<CreateTime>1555381858</CreateTime>
<MsgType><![CDATA[text]]></MsgType>
<Content><![CDATA[åŒ—äº¬+å¤©æ°”]]></Content>
<MsgId>22267714252397083</MsgId>
</xml>






2019-04-16 11:11:31<xml><ToUserName><![CDATA[gh_fee5ffe2fe4d]]></ToUserName>
<FromUserName><![CDATA[oCeEX1sDfbqkaguYkL1D2Qj4qz30]]></FromUserName>
<CreateTime>1555381858</CreateTime>
<MsgType><![CDATA[text]]></MsgType>
<Content><![CDATA[åŒ—äº¬0+å¤©æ°”]]></Content>
<MsgId>22267714252397083</MsgId>
</xml>






2019-04-16 11:12:03<xml><ToUserName><![CDATA[gh_fee5ffe2fe4d]]></ToUserName>
<FromUserName><![CDATA[oCeEX1sDfbqkaguYkL1D2Qj4qz30]]></FromUserName>
<CreateTime>1555381858</CreateTime>
<MsgType><![CDATA[text]]></MsgType>
<Content><![CDATA[åŒ—äº¬0+å¤©æ°”]]></Content>
<MsgId>22267714252397083</MsgId>
</xml>






2019-04-16 11:12:30<xml><ToUserName><![CDATA[gh_fee5ffe2fe4d]]></ToUserName>
<FromUserName><![CDATA[oCeEX1sDfbqkaguYkL1D2Qj4qz30]]></FromUserName>
<CreateTime>1555381858</CreateTime>
<MsgType><![CDATA[text]]></MsgType>
<Content><![CDATA[åŒ—äº¬0+å¤©æ°”]]></Content>
<MsgId>22267714252397083</MsgId>
</xml>






2019-04-16 11:12:39<xml><ToUserName><![CDATA[gh_fee5ffe2fe4d]]></ToUserName>
<FromUserName><![CDATA[oCeEX1sDfbqkaguYkL1D2Qj4qz30]]></FromUserName>
<CreateTime>1555381858</CreateTime>
<MsgType><![CDATA[text]]></MsgType>
<Content><![CDATA[åŒ—äº¬+å¤©æ°”]]></Content>
<MsgId>22267714252397083</MsgId>
</xml>






2019-04-16 11:12:48<xml><ToUserName><![CDATA[gh_fee5ffe2fe4d]]></ToUserName>
<FromUserName><![CDATA[oCeEX1sDfbqkaguYkL1D2Qj4qz30]]></FromUserName>
<CreateTime>1555381858</CreateTime>
<MsgType><![CDATA[text]]></MsgType>
<Content><![CDATA[åŒ—äº¬11+å¤©æ°”]]></Content>
<MsgId>22267714252397083</MsgId>
</xml>






2019-04-16 11:13:08<xml><ToUserName><![CDATA[gh_fee5ffe2fe4d]]></ToUserName>
<FromUserName><![CDATA[oCeEX1sDfbqkaguYkL1D2Qj4qz30]]></FromUserName>
<CreateTime>1555381858</CreateTime>
<MsgType><![CDATA[text]]></MsgType>
<Content><![CDATA[åŒ—äº¬+å¤©æ°”]]></Content>
<MsgId>22267714252397083</MsgId>
</xml>






2019-04-16 11:13:17<xml><ToUserName><![CDATA[gh_fee5ffe2fe4d]]></ToUserName>
<FromUserName><![CDATA[oCeEX1sDfbqkaguYkL1D2Qj4qz30]]></FromUserName>
<CreateTime>1555381858</CreateTime>
<MsgType><![CDATA[text]]></MsgType>
<Content><![CDATA[çŸ³å®¶åº„+å¤©æ°”]]></Content>
<MsgId>22267714252397083</MsgId>
</xml>






2019-04-16 11:13:44<xml><ToUserName><![CDATA[gh_fee5ffe2fe4d]]></ToUserName>
<FromUserName><![CDATA[oCeEX1sDfbqkaguYkL1D2Qj4qz30]]></FromUserName>
<CreateTime>1555381858</CreateTime>
<MsgType><![CDATA[text]]></MsgType>
<Content><![CDATA[çŸ³å®¶åº„+å¤©æ°”]]></Content>
<MsgId>22267714252397083</MsgId>
</xml>






2019-04-16 11:13:53<xml><ToUserName><![CDATA[gh_fee5ffe2fe4d]]></ToUserName>
<FromUserName><![CDATA[oCeEX1sDfbqkaguYkL1D2Qj4qz30]]></FromUserName>
<CreateTime>1555381858</CreateTime>
<MsgType><![CDATA[text]]></MsgType>
<Content><![CDATA[åŒ—äº¬1+å¤©æ°”]]></Content>
<MsgId>22267714252397083</MsgId>
</xml>






2019-04-16 11:14:18<xml><ToUserName><![CDATA[gh_fee5ffe2fe4d]]></ToUserName>
<FromUserName><![CDATA[oCeEX1sDfbqkaguYkL1D2Qj4qz30]]></FromUserName>
<CreateTime>1555381858</CreateTime>
<MsgType><![CDATA[text]]></MsgType>
<Content><![CDATA[åŒ—äº¬+å¤©æ°”]]></Content>
<MsgId>22267714252397083</MsgId>
</xml>






2019-04-16 11:16:02<xml><ToUserName><![CDATA[gh_fee5ffe2fe4d]]></ToUserName>
<FromUserName><![CDATA[oCeEX1sDfbqkaguYkL1D2Qj4qz30]]></FromUserName>
<CreateTime>1555381858</CreateTime>
<MsgType><![CDATA[text]]></MsgType>
<Content><![CDATA[åŒ—äº¬1+å¤©æ°”]]></Content>
<MsgId>22267714252397083</MsgId>
</xml>






2019-04-16 11:16:14<xml><ToUserName><![CDATA[gh_fee5ffe2fe4d]]></ToUserName>
<FromUserName><![CDATA[oCeEX1sDfbqkaguYkL1D2Qj4qz30]]></FromUserName>
<CreateTime>1555381858</CreateTime>
<MsgType><![CDATA[text]]></MsgType>
<Content><![CDATA[åŒ—äº¬1+å¤©æ°”]]></Content>
<MsgId>22267714252397083</MsgId>
</xml>






2019-04-16 11:16:33<xml><ToUserName><![CDATA[gh_fee5ffe2fe4d]]></ToUserName>
<FromUserName><![CDATA[oCeEX1sDfbqkaguYkL1D2Qj4qz30]]></FromUserName>
<CreateTime>1555381858</CreateTime>
<MsgType><![CDATA[text]]></MsgType>
<Content><![CDATA[åŒ—äº¬1+å¤©æ°”]]></Content>
<MsgId>22267714252397083</MsgId>
</xml>






2019-04-16 11:18:30<xml><ToUserName><![CDATA[gh_fee5ffe2fe4d]]></ToUserName>
<FromUserName><![CDATA[oCeEX1sDfbqkaguYkL1D2Qj4qz30]]></FromUserName>
<CreateTime>1555381858</CreateTime>
<MsgType><![CDATA[text]]></MsgType>
<Content><![CDATA[åŒ—äº¬1+å¤©æ°”]]></Content>
<MsgId>22267714252397083</MsgId>
</xml>






2019-04-16 11:18:36<xml><ToUserName><![CDATA[gh_fee5ffe2fe4d]]></ToUserName>
<FromUserName><![CDATA[oCeEX1sDfbqkaguYkL1D2Qj4qz30]]></FromUserName>
<CreateTime>1555381858</CreateTime>
<MsgType><![CDATA[text]]></MsgType>
<Content><![CDATA[åŒ—äº¬+å¤©æ°”]]></Content>
<MsgId>22267714252397083</MsgId>
</xml>






